{"/Users/jhunken/code/sliced.tv/mocha.conf.js":{"path":"/Users/jhunken/code/sliced.tv/mocha.conf.js","statementMap":{"0":{"start":{"line":4,"column":0},"end":{"line":4,"column":31}},"1":{"start":{"line":6,"column":11},"end":{"line":6,"column":26}},"2":{"start":{"line":9,"column":0},"end":{"line":9,"column":28}},"3":{"start":{"line":10,"column":0},"end":{"line":10,"column":28}},"4":{"start":{"line":11,"column":0},"end":{"line":11,"column":14}},"5":{"start":{"line":14,"column":0},"end":{"line":14,"column":32}},"6":{"start":{"line":17,"column":0},"end":{"line":17,"column":32}},"7":{"start":{"line":18,"column":0},"end":{"line":18,"column":38}},"8":{"start":{"line":19,"column":0},"end":{"line":19,"column":33}}},"fnMap":{},"branchMap":{},"s":{"0":1,"1":1,"2":1,"3":1,"4":1,"5":1,"6":1,"7":1,"8":1},"f":{},"b":{},"_coverageSchema":"332fd63041d2c1bcb487cc26dd0d5f7d97098a6c","hash":"2541e59b25e8616d97f6d20832ca711adf62bf2b","contentHash":"ff85511ec1d03109124c525bacc694d2_10.2.0"},"/Users/jhunken/code/sliced.tv/server/api/movie/index.js":{"path":"/Users/jhunken/code/sliced.tv/server/api/movie/index.js","statementMap":{"0":{"start":{"line":3,"column":14},"end":{"line":3,"column":32}},"1":{"start":{"line":4,"column":17},"end":{"line":4,"column":46}},"2":{"start":{"line":6,"column":13},"end":{"line":6,"column":29}},"3":{"start":{"line":8,"column":0},"end":{"line":8,"column":34}},"4":{"start":{"line":9,"column":0},"end":{"line":9,"column":71}},"5":{"start":{"line":10,"column":0},"end":{"line":10,"column":36}},"6":{"start":{"line":12,"column":0},"end":{"line":12,"column":24}}},"fnMap":{},"branchMap":{},"s":{"0":2,"1":2,"2":2,"3":2,"4":2,"5":2,"6":2},"f":{},"b":{},"_coverageSchema":"332fd63041d2c1bcb487cc26dd0d5f7d97098a6c","hash":"bc4067f77cfbe6367385bce067415ccae4a262c8","contentHash":"c5af48e5dc172721edb1348e68e74311_10.2.0"},"/Users/jhunken/code/sliced.tv/server/api/movie/movie.controller.js":{"path":"/Users/jhunken/code/sliced.tv/server/api/movie/movie.controller.js","statementMap":{"0":{"start":{"line":9,"column":0},"end":{"line":11,"column":3}},"1":{"start":{"line":12,"column":0},"end":{"line":12,"column":22}},"2":{"start":{"line":13,"column":0},"end":{"line":13,"column":20}},"3":{"start":{"line":15,"column":13},"end":{"line":15,"column":37}},"4":{"start":{"line":17,"column":14},"end":{"line":17,"column":44}},"5":{"start":{"line":19,"column":13},"end":{"line":19,"column":46}},"6":{"start":{"line":21,"column":14},"end":{"line":21,"column":44}},"7":{"start":{"line":23,"column":13},"end":{"line":23,"column":35}},"8":{"start":{"line":25,"column":14},"end":{"line":25,"column":44}},"9":{"start":{"line":27,"column":39},"end":{"line":27,"column":93}},"10":{"start":{"line":29,"column":16},"end":{"line":29,"column":24}},"11":{"start":{"line":30,"column":13},"end":{"line":30,"column":53}},"12":{"start":{"line":38,"column":15},"end":{"line":38,"column":149}},"13":{"start":{"line":39,"column":14},"end":{"line":39,"column":145}},"14":{"start":{"line":41,"column":2},"end":{"line":45,"column":3}},"15":{"start":{"line":42,"column":4},"end":{"line":42,"column":68}},"16":{"start":{"line":43,"column":4},"end":{"line":43,"column":66}},"17":{"start":{"line":44,"column":4},"end":{"line":44,"column":59}},"18":{"start":{"line":47,"column":16},"end":{"line":52,"column":3}},"19":{"start":{"line":54,"column":2},"end":{"line":71,"column":5}},"20":{"start":{"line":57,"column":20},"end":{"line":57,"column":26}},"21":{"start":{"line":58,"column":18},"end":{"line":58,"column":37}},"22":{"start":{"line":59,"column":4},"end":{"line":65,"column":5}},"23":{"start":{"line":60,"column":6},"end":{"line":60,"column":34}},"24":{"start":{"line":62,"column":6},"end":{"line":64,"column":7}},"25":{"start":{"line":63,"column":8},"end":{"line":63,"column":57}},"26":{"start":{"line":66,"column":4},"end":{"line":66,"column":42}},"27":{"start":{"line":67,"column":4},"end":{"line":67,"column":76}},"28":{"start":{"line":69,"column":4},"end":{"line":69,"column":32}},"29":{"start":{"line":70,"column":4},"end":{"line":70,"column":48}},"30":{"start":{"line":76,"column":2},"end":{"line":79,"column":5}},"31":{"start":{"line":77,"column":4},"end":{"line":77,"column":28}},"32":{"start":{"line":78,"column":4},"end":{"line":78,"column":45}}},"fnMap":{"0":{"name":"_interopRequireDefault","decl":{"start":{"line":27,"column":9},"end":{"line":27,"column":31}},"loc":{"start":{"line":27,"column":37},"end":{"line":27,"column":95}},"line":27},"1":{"name":"index","decl":{"start":{"line":37,"column":9},"end":{"line":37,"column":14}},"loc":{"start":{"line":37,"column":25},"end":{"line":72,"column":1}},"line":37},"2":{"name":"(anonymous_2)","decl":{"start":{"line":54,"column":52},"end":{"line":54,"column":53}},"loc":{"start":{"line":54,"column":71},"end":{"line":68,"column":3}},"line":54},"3":{"name":"(anonymous_3)","decl":{"start":{"line":68,"column":11},"end":{"line":68,"column":12}},"loc":{"start":{"line":68,"column":29},"end":{"line":71,"column":3}},"line":68},"4":{"name":"show","decl":{"start":{"line":75,"column":9},"end":{"line":75,"column":13}},"loc":{"start":{"line":75,"column":24},"end":{"line":80,"column":1}},"line":75},"5":{"name":"(anonymous_5)","decl":{"start":{"line":76,"column":119},"end":{"line":76,"column":120}},"loc":{"start":{"line":76,"column":134},"end":{"line":79,"column":3}},"line":76}},"branchMap":{"0":{"loc":{"start":{"line":27,"column":46},"end":{"line":27,"column":92}},"type":"cond-expr","locations":[{"start":{"line":27,"column":70},"end":{"line":27,"column":73}},{"start":{"line":27,"column":76},"end":{"line":27,"column":92}}],"line":27},"1":{"loc":{"start":{"line":27,"column":46},"end":{"line":27,"column":67}},"type":"binary-expr","locations":[{"start":{"line":27,"column":46},"end":{"line":27,"column":49}},{"start":{"line":27,"column":53},"end":{"line":27,"column":67}}],"line":27},"2":{"loc":{"start":{"line":38,"column":15},"end":{"line":38,"column":149}},"type":"cond-expr","locations":[{"start":{"line":38,"column":106},"end":{"line":38,"column":144}},{"start":{"line":38,"column":147},"end":{"line":38,"column":149}}],"line":38},"3":{"loc":{"start":{"line":38,"column":15},"end":{"line":38,"column":103}},"type":"binary-expr","locations":[{"start":{"line":38,"column":15},"end":{"line":38,"column":25}},{"start":{"line":38,"column":29},"end":{"line":38,"column":46}},{"start":{"line":38,"column":50},"end":{"line":38,"column":103}}],"line":38},"4":{"loc":{"start":{"line":39,"column":14},"end":{"line":39,"column":145}},"type":"cond-expr","locations":[{"start":{"line":39,"column":103},"end":{"line":39,"column":140}},{"start":{"line":39,"column":143},"end":{"line":39,"column":145}}],"line":39},"5":{"loc":{"start":{"line":39,"column":14},"end":{"line":39,"column":100}},"type":"binary-expr","locations":[{"start":{"line":39,"column":14},"end":{"line":39,"column":24}},{"start":{"line":39,"column":28},"end":{"line":39,"column":44}},{"start":{"line":39,"column":48},"end":{"line":39,"column":100}}],"line":39},"6":{"loc":{"start":{"line":41,"column":2},"end":{"line":45,"column":3}},"type":"if","locations":[{"start":{"line":41,"column":2},"end":{"line":45,"column":3}},{"start":{"line":41,"column":2},"end":{"line":45,"column":3}}],"line":41},"7":{"loc":{"start":{"line":41,"column":6},"end":{"line":41,"column":29}},"type":"binary-expr","locations":[{"start":{"line":41,"column":6},"end":{"line":41,"column":16}},{"start":{"line":41,"column":20},"end":{"line":41,"column":29}}],"line":41},"8":{"loc":{"start":{"line":62,"column":6},"end":{"line":64,"column":7}},"type":"if","locations":[{"start":{"line":62,"column":6},"end":{"line":64,"column":7}},{"start":{"line":62,"column":6},"end":{"line":64,"column":7}}],"line":62},"9":{"loc":{"start":{"line":62,"column":10},"end":{"line":62,"column":90}},"type":"binary-expr","locations":[{"start":{"line":62,"column":10},"end":{"line":62,"column":32}},{"start":{"line":62,"column":36},"end":{"line":62,"column":90}}],"line":62}},"s":{"0":2,"1":2,"2":2,"3":2,"4":2,"5":2,"6":2,"7":2,"8":2,"9":6,"10":2,"11":2,"12":0,"13":0,"14":0,"15":0,"16":0,"17":0,"18":0,"19":0,"20":0,"21":0,"22":0,"23":0,"24":0,"25":0,"26":0,"27":0,"28":0,"29":0,"30":0,"31":0,"32":0},"f":{"0":6,"1":0,"2":0,"3":0,"4":0,"5":0},"b":{"0":[2,4],"1":[6,6],"2":[0,0],"3":[0,0,0],"4":[0,0],"5":[0,0,0],"6":[0,0],"7":[0,0],"8":[0,0],"9":[0,0]},"_coverageSchema":"332fd63041d2c1bcb487cc26dd0d5f7d97098a6c","hash":"9c2ba386b856f5f0f695e60771ec6968c9871726","contentHash":"2c35ce6fb5adaf61499ff6b998a3d5e1_10.2.0"},"/Users/jhunken/code/sliced.tv/server/api/movie/movie.model.js":{"path":"/Users/jhunken/code/sliced.tv/server/api/movie/movie.model.js","statementMap":{"0":{"start":{"line":3,"column":0},"end":{"line":5,"column":3}},"1":{"start":{"line":7,"column":16},"end":{"line":7,"column":35}},"2":{"start":{"line":9,"column":17},"end":{"line":9,"column":50}},"3":{"start":{"line":11,"column":24},"end":{"line":11,"column":52}},"4":{"start":{"line":13,"column":25},"end":{"line":13,"column":66}},"5":{"start":{"line":15,"column":13},"end":{"line":15,"column":38}},"6":{"start":{"line":17,"column":39},"end":{"line":17,"column":93}},"7":{"start":{"line":19,"column":18},"end":{"line":90,"column":2}},"8":{"start":{"line":92,"column":0},"end":{"line":92,"column":47}},"9":{"start":{"line":93,"column":0},"end":{"line":93,"column":40}},"10":{"start":{"line":94,"column":0},"end":{"line":94,"column":65}}},"fnMap":{"0":{"name":"_interopRequireDefault","decl":{"start":{"line":17,"column":9},"end":{"line":17,"column":31}},"loc":{"start":{"line":17,"column":37},"end":{"line":17,"column":95}},"line":17}},"branchMap":{"0":{"loc":{"start":{"line":17,"column":46},"end":{"line":17,"column":92}},"type":"cond-expr","locations":[{"start":{"line":17,"column":70},"end":{"line":17,"column":73}},{"start":{"line":17,"column":76},"end":{"line":17,"column":92}}],"line":17},"1":{"loc":{"start":{"line":17,"column":46},"end":{"line":17,"column":67}},"type":"binary-expr","locations":[{"start":{"line":17,"column":46},"end":{"line":17,"column":49}},{"start":{"line":17,"column":53},"end":{"line":17,"column":67}}],"line":17}},"s":{"0":1,"1":1,"2":1,"3":1,"4":1,"5":1,"6":2,"7":1,"8":1,"9":1,"10":1},"f":{"0":2},"b":{"0":[0,2],"1":[2,2]},"_coverageSchema":"332fd63041d2c1bcb487cc26dd0d5f7d97098a6c","hash":"8e0290c908fd352b74c8fd4b3b1a29e941b79c38","contentHash":"f7dcc91d15fbff7d9ce045cac47ccf37_10.2.0"},"/Users/jhunken/code/sliced.tv/server/api/movie/movie.events.js":{"path":"/Users/jhunken/code/sliced.tv/server/api/movie/movie.events.js","statementMap":{"0":{"start":{"line":7,"column":0},"end":{"line":9,"column":3}},"1":{"start":{"line":10,"column":0},"end":{"line":10,"column":35}},"2":{"start":{"line":12,"column":14},"end":{"line":12,"column":31}},"3":{"start":{"line":14,"column":18},"end":{"line":14,"column":44}},"4":{"start":{"line":17,"column":0},"end":{"line":17,"column":31}},"5":{"start":{"line":20,"column":13},"end":{"line":23,"column":1}},"6":{"start":{"line":27,"column":2},"end":{"line":30,"column":3}},"7":{"start":{"line":28,"column":16},"end":{"line":28,"column":25}},"8":{"start":{"line":29,"column":4},"end":{"line":29,"column":36}},"9":{"start":{"line":34,"column":2},"end":{"line":37,"column":4}},"10":{"start":{"line":35,"column":4},"end":{"line":35,"column":49}},"11":{"start":{"line":36,"column":4},"end":{"line":36,"column":33}},"12":{"start":{"line":40,"column":0},"end":{"line":40,"column":40}},"13":{"start":{"line":41,"column":0},"end":{"line":41,"column":30}}},"fnMap":{"0":{"name":"registerEvents","decl":{"start":{"line":26,"column":9},"end":{"line":26,"column":23}},"loc":{"start":{"line":26,"column":31},"end":{"line":31,"column":1}},"line":26},"1":{"name":"emitEvent","decl":{"start":{"line":33,"column":9},"end":{"line":33,"column":18}},"loc":{"start":{"line":33,"column":26},"end":{"line":38,"column":1}},"line":33},"2":{"name":"(anonymous_2)","decl":{"start":{"line":34,"column":9},"end":{"line":34,"column":10}},"loc":{"start":{"line":34,"column":24},"end":{"line":37,"column":3}},"line":34}},"branchMap":{},"s":{"0":1,"1":1,"2":1,"3":1,"4":1,"5":1,"6":1,"7":2,"8":2,"9":2,"10":0,"11":0,"12":1,"13":1},"f":{"0":1,"1":2,"2":0},"b":{},"_coverageSchema":"332fd63041d2c1bcb487cc26dd0d5f7d97098a6c","hash":"d836b353913fe3bf48e3d332f75c2b78c75a5256","contentHash":"f2d6d1f8d3d245362c3dc0dc79cc2c6e_10.2.0"},"/Users/jhunken/code/sliced.tv/server/components/utils/index.js":{"path":"/Users/jhunken/code/sliced.tv/server/components/utils/index.js","statementMap":{"0":{"start":{"line":3,"column":19},"end":{"line":3,"column":54}},"1":{"start":{"line":5,"column":20},"end":{"line":5,"column":56}},"2":{"start":{"line":7,"column":13},"end":{"line":7,"column":51}},"3":{"start":{"line":9,"column":14},"end":{"line":9,"column":44}},"4":{"start":{"line":11,"column":12},"end":{"line":11,"column":48}},"5":{"start":{"line":13,"column":13},"end":{"line":13,"column":42}},"6":{"start":{"line":15,"column":39},"end":{"line":15,"column":93}},"7":{"start":{"line":19,"column":14},"end":{"line":19,"column":32}},"8":{"start":{"line":21,"column":15},"end":{"line":21,"column":73}},"9":{"start":{"line":22,"column":8},"end":{"line":22,"column":25}},"10":{"start":{"line":24,"column":12},"end":{"line":460,"column":3}},"11":{"start":{"line":31,"column":20},"end":{"line":91,"column":5}},"12":{"start":{"line":32,"column":6},"end":{"line":32,"column":34}},"13":{"start":{"line":33,"column":6},"end":{"line":33,"column":42}},"14":{"start":{"line":35,"column":6},"end":{"line":37,"column":7}},"15":{"start":{"line":36,"column":8},"end":{"line":36,"column":34}},"16":{"start":{"line":39,"column":17},"end":{"line":39,"column":35}},"17":{"start":{"line":40,"column":6},"end":{"line":42,"column":7}},"18":{"start":{"line":41,"column":8},"end":{"line":41,"column":53}},"19":{"start":{"line":45,"column":6},"end":{"line":47,"column":7}},"20":{"start":{"line":46,"column":8},"end":{"line":46,"column":66}},"21":{"start":{"line":48,"column":6},"end":{"line":50,"column":7}},"22":{"start":{"line":49,"column":8},"end":{"line":49,"column":66}},"23":{"start":{"line":51,"column":6},"end":{"line":53,"column":7}},"24":{"start":{"line":52,"column":8},"end":{"line":52,"column":66}},"25":{"start":{"line":56,"column":6},"end":{"line":58,"column":7}},"26":{"start":{"line":57,"column":8},"end":{"line":57,"column":68}},"27":{"start":{"line":59,"column":6},"end":{"line":61,"column":7}},"28":{"start":{"line":60,"column":8},"end":{"line":60,"column":68}},"29":{"start":{"line":62,"column":6},"end":{"line":64,"column":7}},"30":{"start":{"line":63,"column":8},"end":{"line":63,"column":68}},"31":{"start":{"line":65,"column":6},"end":{"line":67,"column":7}},"32":{"start":{"line":66,"column":8},"end":{"line":66,"column":68}},"33":{"start":{"line":68,"column":6},"end":{"line":70,"column":7}},"34":{"start":{"line":69,"column":8},"end":{"line":69,"column":52}},"35":{"start":{"line":71,"column":6},"end":{"line":88,"column":7}},"36":{"start":{"line":72,"column":21},"end":{"line":72,"column":27}},"37":{"start":{"line":73,"column":8},"end":{"line":87,"column":9}},"38":{"start":{"line":74,"column":10},"end":{"line":74,"column":39}},"39":{"start":{"line":75,"column":10},"end":{"line":77,"column":11}},"40":{"start":{"line":76,"column":12},"end":{"line":76,"column":64}},"41":{"start":{"line":78,"column":10},"end":{"line":80,"column":11}},"42":{"start":{"line":79,"column":12},"end":{"line":79,"column":66}},"43":{"start":{"line":81,"column":10},"end":{"line":83,"column":11}},"44":{"start":{"line":82,"column":12},"end":{"line":82,"column":64}},"45":{"start":{"line":84,"column":10},"end":{"line":86,"column":11}},"46":{"start":{"line":85,"column":12},"end":{"line":85,"column":66}},"47":{"start":{"line":90,"column":6},"end":{"line":90,"column":19}},"48":{"start":{"line":92,"column":4},"end":{"line":121,"column":5}},"49":{"start":{"line":93,"column":28},"end":{"line":93,"column":30}},"50":{"start":{"line":94,"column":38},"end":{"line":94,"column":42}},"51":{"start":{"line":95,"column":30},"end":{"line":95,"column":35}},"52":{"start":{"line":96,"column":27},"end":{"line":96,"column":36}},"53":{"start":{"line":98,"column":6},"end":{"line":118,"column":7}},"54":{"start":{"line":99,"column":8},"end":{"line":104,"column":9}},"55":{"start":{"line":100,"column":22},"end":{"line":100,"column":33}},"56":{"start":{"line":102,"column":10},"end":{"line":102,"column":35}},"57":{"start":{"line":103,"column":10},"end":{"line":103,"column":38}},"58":{"start":{"line":106,"column":8},"end":{"line":106,"column":33}},"59":{"start":{"line":107,"column":8},"end":{"line":107,"column":29}},"60":{"start":{"line":109,"column":8},"end":{"line":117,"column":9}},"61":{"start":{"line":110,"column":10},"end":{"line":112,"column":11}},"62":{"start":{"line":111,"column":12},"end":{"line":111,"column":31}},"63":{"start":{"line":114,"column":10},"end":{"line":116,"column":11}},"64":{"start":{"line":115,"column":12},"end":{"line":115,"column":33}},"65":{"start":{"line":120,"column":6},"end":{"line":120,"column":29}},"66":{"start":{"line":123,"column":4},"end":{"line":123,"column":36}},"67":{"start":{"line":133,"column":4},"end":{"line":189,"column":6}},"68":{"start":{"line":134,"column":6},"end":{"line":188,"column":7}},"69":{"start":{"line":135,"column":8},"end":{"line":135,"column":49}},"70":{"start":{"line":136,"column":13},"end":{"line":188,"column":7}},"71":{"start":{"line":138,"column":8},"end":{"line":183,"column":11}},"72":{"start":{"line":139,"column":10},"end":{"line":179,"column":11}},"73":{"start":{"line":141,"column":12},"end":{"line":176,"column":15}},"74":{"start":{"line":142,"column":14},"end":{"line":142,"column":64}},"75":{"start":{"line":143,"column":14},"end":{"line":143,"column":69}},"76":{"start":{"line":145,"column":14},"end":{"line":145,"column":60}},"77":{"start":{"line":146,"column":14},"end":{"line":172,"column":15}},"78":{"start":{"line":148,"column":16},"end":{"line":160,"column":19}},"79":{"start":{"line":150,"column":18},"end":{"line":150,"column":63}},"80":{"start":{"line":152,"column":18},"end":{"line":159,"column":21}},"81":{"start":{"line":153,"column":20},"end":{"line":158,"column":21}},"82":{"start":{"line":154,"column":22},"end":{"line":154,"column":51}},"83":{"start":{"line":156,"column":22},"end":{"line":156,"column":94}},"84":{"start":{"line":157,"column":22},"end":{"line":157,"column":56}},"85":{"start":{"line":164,"column":16},"end":{"line":171,"column":19}},"86":{"start":{"line":165,"column":18},"end":{"line":170,"column":19}},"87":{"start":{"line":166,"column":20},"end":{"line":166,"column":49}},"88":{"start":{"line":168,"column":20},"end":{"line":168,"column":92}},"89":{"start":{"line":169,"column":20},"end":{"line":169,"column":54}},"90":{"start":{"line":174,"column":14},"end":{"line":174,"column":39}},"91":{"start":{"line":175,"column":14},"end":{"line":175,"column":43}},"92":{"start":{"line":178,"column":12},"end":{"line":178,"column":53}},"93":{"start":{"line":181,"column":10},"end":{"line":181,"column":35}},"94":{"start":{"line":182,"column":10},"end":{"line":182,"column":39}},"95":{"start":{"line":186,"column":8},"end":{"line":186,"column":70}},"96":{"start":{"line":187,"column":8},"end":{"line":187,"column":38}},"97":{"start":{"line":193,"column":4},"end":{"line":232,"column":5}},"98":{"start":{"line":194,"column":30},"end":{"line":194,"column":36}},"99":{"start":{"line":195,"column":21},"end":{"line":195,"column":23}},"100":{"start":{"line":196,"column":24},"end":{"line":196,"column":26}},"101":{"start":{"line":197,"column":38},"end":{"line":197,"column":40}},"102":{"start":{"line":198,"column":6},"end":{"line":200,"column":7}},"103":{"start":{"line":199,"column":8},"end":{"line":199,"column":67}},"104":{"start":{"line":201,"column":18},"end":{"line":201,"column":24}},"105":{"start":{"line":203,"column":6},"end":{"line":209,"column":7}},"106":{"start":{"line":205,"column":10},"end":{"line":205,"column":34}},"107":{"start":{"line":206,"column":10},"end":{"line":206,"column":16}},"108":{"start":{"line":208,"column":10},"end":{"line":208,"column":33}},"109":{"start":{"line":211,"column":6},"end":{"line":225,"column":9}},"110":{"start":{"line":216,"column":8},"end":{"line":218,"column":9}},"111":{"start":{"line":217,"column":10},"end":{"line":217,"column":54}},"112":{"start":{"line":220,"column":8},"end":{"line":223,"column":9}},"113":{"start":{"line":221,"column":10},"end":{"line":221,"column":60}},"114":{"start":{"line":222,"column":10},"end":{"line":222,"column":96}},"115":{"start":{"line":224,"column":8},"end":{"line":224,"column":37}},"116":{"start":{"line":227,"column":6},"end":{"line":231,"column":9}},"117":{"start":{"line":230,"column":8},"end":{"line":230,"column":35}},"118":{"start":{"line":236,"column":4},"end":{"line":267,"column":7}},"119":{"start":{"line":244,"column":18},"end":{"line":244,"column":29}},"120":{"start":{"line":245,"column":6},"end":{"line":264,"column":7}},"121":{"start":{"line":246,"column":23},"end":{"line":246,"column":25}},"122":{"start":{"line":247,"column":26},"end":{"line":247,"column":32}},"123":{"start":{"line":248,"column":8},"end":{"line":248,"column":47}},"124":{"start":{"line":249,"column":8},"end":{"line":254,"column":9}},"125":{"start":{"line":250,"column":10},"end":{"line":250,"column":33}},"126":{"start":{"line":252,"column":10},"end":{"line":252,"column":46}},"127":{"start":{"line":253,"column":10},"end":{"line":253,"column":63}},"128":{"start":{"line":255,"column":8},"end":{"line":260,"column":11}},"129":{"start":{"line":256,"column":10},"end":{"line":256,"column":74}},"130":{"start":{"line":258,"column":10},"end":{"line":258,"column":35}},"131":{"start":{"line":259,"column":10},"end":{"line":259,"column":69}},"132":{"start":{"line":263,"column":8},"end":{"line":263,"column":20}},"133":{"start":{"line":266,"column":6},"end":{"line":266,"column":29}},"134":{"start":{"line":270,"column":19},"end":{"line":297,"column":3}},"135":{"start":{"line":272,"column":4},"end":{"line":296,"column":7}},"136":{"start":{"line":274,"column":16},"end":{"line":274,"column":76}},"137":{"start":{"line":275,"column":20},"end":{"line":291,"column":8}},"138":{"start":{"line":277,"column":8},"end":{"line":280,"column":9}},"139":{"start":{"line":278,"column":10},"end":{"line":278,"column":93}},"140":{"start":{"line":279,"column":10},"end":{"line":279,"column":102}},"141":{"start":{"line":282,"column":19},"end":{"line":282,"column":21}},"142":{"start":{"line":284,"column":8},"end":{"line":286,"column":11}},"143":{"start":{"line":285,"column":10},"end":{"line":285,"column":34}},"144":{"start":{"line":288,"column":8},"end":{"line":290,"column":11}},"145":{"start":{"line":289,"column":10},"end":{"line":289,"column":40}},"146":{"start":{"line":293,"column":6},"end":{"line":295,"column":9}},"147":{"start":{"line":294,"column":8},"end":{"line":294,"column":27}},"148":{"start":{"line":304,"column":4},"end":{"line":325,"column":7}},"149":{"start":{"line":305,"column":32},"end":{"line":305,"column":52}},"150":{"start":{"line":306,"column":6},"end":{"line":306,"column":60}},"151":{"start":{"line":307,"column":6},"end":{"line":307,"column":58}},"152":{"start":{"line":308,"column":6},"end":{"line":308,"column":62}},"153":{"start":{"line":309,"column":6},"end":{"line":309,"column":62}},"154":{"start":{"line":310,"column":6},"end":{"line":310,"column":64}},"155":{"start":{"line":311,"column":6},"end":{"line":311,"column":66}},"156":{"start":{"line":312,"column":6},"end":{"line":312,"column":62}},"157":{"start":{"line":313,"column":6},"end":{"line":313,"column":64}},"158":{"start":{"line":314,"column":6},"end":{"line":314,"column":70}},"159":{"start":{"line":315,"column":6},"end":{"line":315,"column":70}},"160":{"start":{"line":316,"column":6},"end":{"line":316,"column":72}},"161":{"start":{"line":317,"column":6},"end":{"line":317,"column":74}},"162":{"start":{"line":318,"column":6},"end":{"line":318,"column":58}},"163":{"start":{"line":319,"column":6},"end":{"line":319,"column":41}},"164":{"start":{"line":320,"column":6},"end":{"line":320,"column":65}},"165":{"start":{"line":321,"column":6},"end":{"line":321,"column":23}},"166":{"start":{"line":323,"column":6},"end":{"line":323,"column":31}},"167":{"start":{"line":324,"column":6},"end":{"line":324,"column":18}},"168":{"start":{"line":329,"column":4},"end":{"line":380,"column":7}},"169":{"start":{"line":330,"column":18},"end":{"line":330,"column":24}},"170":{"start":{"line":331,"column":6},"end":{"line":337,"column":7}},"171":{"start":{"line":333,"column":10},"end":{"line":333,"column":34}},"172":{"start":{"line":334,"column":10},"end":{"line":334,"column":16}},"173":{"start":{"line":336,"column":10},"end":{"line":336,"column":33}},"174":{"start":{"line":338,"column":6},"end":{"line":379,"column":9}},"175":{"start":{"line":339,"column":8},"end":{"line":375,"column":9}},"176":{"start":{"line":341,"column":27},"end":{"line":341,"column":53}},"177":{"start":{"line":343,"column":10},"end":{"line":350,"column":13}},"178":{"start":{"line":344,"column":12},"end":{"line":349,"column":13}},"179":{"start":{"line":345,"column":14},"end":{"line":345,"column":33}},"180":{"start":{"line":347,"column":14},"end":{"line":347,"column":87}},"181":{"start":{"line":348,"column":14},"end":{"line":348,"column":45}},"182":{"start":{"line":353,"column":10},"end":{"line":353,"column":57}},"183":{"start":{"line":354,"column":10},"end":{"line":354,"column":55}},"184":{"start":{"line":355,"column":10},"end":{"line":355,"column":59}},"185":{"start":{"line":356,"column":10},"end":{"line":356,"column":59}},"186":{"start":{"line":357,"column":10},"end":{"line":357,"column":61}},"187":{"start":{"line":358,"column":10},"end":{"line":358,"column":63}},"188":{"start":{"line":359,"column":10},"end":{"line":359,"column":59}},"189":{"start":{"line":360,"column":10},"end":{"line":360,"column":61}},"190":{"start":{"line":361,"column":10},"end":{"line":361,"column":67}},"191":{"start":{"line":362,"column":10},"end":{"line":362,"column":67}},"192":{"start":{"line":363,"column":10},"end":{"line":363,"column":69}},"193":{"start":{"line":364,"column":10},"end":{"line":364,"column":71}},"194":{"start":{"line":365,"column":10},"end":{"line":365,"column":55}},"195":{"start":{"line":366,"column":10},"end":{"line":366,"column":59}},"196":{"start":{"line":367,"column":10},"end":{"line":374,"column":13}},"197":{"start":{"line":368,"column":12},"end":{"line":373,"column":13}},"198":{"start":{"line":369,"column":14},"end":{"line":369,"column":33}},"199":{"start":{"line":371,"column":14},"end":{"line":371,"column":87}},"200":{"start":{"line":372,"column":14},"end":{"line":372,"column":45}},"201":{"start":{"line":377,"column":8},"end":{"line":377,"column":33}},"202":{"start":{"line":378,"column":8},"end":{"line":378,"column":27}},"203":{"start":{"line":392,"column":37},"end":{"line":392,"column":41}},"204":{"start":{"line":393,"column":29},"end":{"line":393,"column":34}},"205":{"start":{"line":394,"column":26},"end":{"line":394,"column":35}},"206":{"start":{"line":396,"column":4},"end":{"line":417,"column":5}},"207":{"start":{"line":397,"column":6},"end":{"line":403,"column":7}},"208":{"start":{"line":398,"column":22},"end":{"line":398,"column":34}},"209":{"start":{"line":400,"column":8},"end":{"line":402,"column":9}},"210":{"start":{"line":401,"column":10},"end":{"line":401,"column":42}},"211":{"start":{"line":405,"column":6},"end":{"line":405,"column":32}},"212":{"start":{"line":406,"column":6},"end":{"line":406,"column":28}},"213":{"start":{"line":408,"column":6},"end":{"line":416,"column":7}},"214":{"start":{"line":409,"column":8},"end":{"line":411,"column":9}},"215":{"start":{"line":410,"column":10},"end":{"line":410,"column":30}},"216":{"start":{"line":413,"column":8},"end":{"line":415,"column":9}},"217":{"start":{"line":414,"column":10},"end":{"line":414,"column":32}},"218":{"start":{"line":419,"column":4},"end":{"line":425,"column":7}},"219":{"start":{"line":420,"column":6},"end":{"line":424,"column":7}},"220":{"start":{"line":421,"column":8},"end":{"line":421,"column":51}},"221":{"start":{"line":423,"column":8},"end":{"line":423,"column":29}},"222":{"start":{"line":429,"column":4},"end":{"line":431,"column":5}},"223":{"start":{"line":430,"column":6},"end":{"line":430,"column":52}},"224":{"start":{"line":432,"column":4},"end":{"line":432,"column":15}},"225":{"start":{"line":435,"column":15},"end":{"line":446,"column":4}},"226":{"start":{"line":439,"column":8},"end":{"line":439,"column":26}},"227":{"start":{"line":443,"column":8},"end":{"line":443,"column":218}},"228":{"start":{"line":447,"column":2},"end":{"line":447,"column":91}},"229":{"start":{"line":449,"column":2},"end":{"line":459,"column":4}},"230":{"start":{"line":462,"column":0},"end":{"line":462,"column":23}}},"fnMap":{"0":{"name":"_interopRequireDefault","decl":{"start":{"line":15,"column":9},"end":{"line":15,"column":31}},"loc":{"start":{"line":15,"column":37},"end":{"line":15,"column":95}},"line":15},"1":{"name":"(anonymous_1)","decl":{"start":{"line":24,"column":12},"end":{"line":24,"column":13}},"loc":{"start":{"line":24,"column":24},"end":{"line":460,"column":1}},"line":24},"2":{"name":"normalizeGuideboxFields","decl":{"start":{"line":30,"column":11},"end":{"line":30,"column":34}},"loc":{"start":{"line":30,"column":50},"end":{"line":124,"column":3}},"line":30},"3":{"name":"mapFields","decl":{"start":{"line":31,"column":29},"end":{"line":31,"column":38}},"loc":{"start":{"line":31,"column":46},"end":{"line":91,"column":5}},"line":31},"4":{"name":"handleMediaRequest","decl":{"start":{"line":132,"column":11},"end":{"line":132,"column":29}},"loc":{"start":{"line":132,"column":46},"end":{"line":190,"column":3}},"line":132},"5":{"name":"(anonymous_5)","decl":{"start":{"line":133,"column":11},"end":{"line":133,"column":12}},"loc":{"start":{"line":133,"column":29},"end":{"line":189,"column":5}},"line":133},"6":{"name":"(anonymous_6)","decl":{"start":{"line":138,"column":68},"end":{"line":138,"column":69}},"loc":{"start":{"line":138,"column":93},"end":{"line":180,"column":9}},"line":138},"7":{"name":"(anonymous_7)","decl":{"start":{"line":141,"column":70},"end":{"line":141,"column":71}},"loc":{"start":{"line":141,"column":91},"end":{"line":173,"column":13}},"line":141},"8":{"name":"(anonymous_8)","decl":{"start":{"line":148,"column":55},"end":{"line":148,"column":56}},"loc":{"start":{"line":148,"column":79},"end":{"line":160,"column":17}},"line":148},"9":{"name":"(anonymous_9)","decl":{"start":{"line":152,"column":37},"end":{"line":152,"column":38}},"loc":{"start":{"line":152,"column":64},"end":{"line":159,"column":19}},"line":152},"10":{"name":"(anonymous_10)","decl":{"start":{"line":164,"column":35},"end":{"line":164,"column":36}},"loc":{"start":{"line":164,"column":62},"end":{"line":171,"column":17}},"line":164},"11":{"name":"(anonymous_11)","decl":{"start":{"line":173,"column":21},"end":{"line":173,"column":22}},"loc":{"start":{"line":173,"column":36},"end":{"line":176,"column":13}},"line":173},"12":{"name":"(anonymous_12)","decl":{"start":{"line":180,"column":17},"end":{"line":180,"column":18}},"loc":{"start":{"line":180,"column":32},"end":{"line":183,"column":9}},"line":180},"13":{"name":"processGuideboxMediaResults","decl":{"start":{"line":192,"column":11},"end":{"line":192,"column":38}},"loc":{"start":{"line":192,"column":70},"end":{"line":233,"column":3}},"line":192},"14":{"name":"(anonymous_14)","decl":{"start":{"line":215,"column":21},"end":{"line":215,"column":22}},"loc":{"start":{"line":215,"column":41},"end":{"line":225,"column":7}},"line":215},"15":{"name":"(anonymous_15)","decl":{"start":{"line":227,"column":65},"end":{"line":227,"column":66}},"loc":{"start":{"line":227,"column":77},"end":{"line":229,"column":7}},"line":227},"16":{"name":"(anonymous_16)","decl":{"start":{"line":229,"column":9},"end":{"line":229,"column":10}},"loc":{"start":{"line":229,"column":26},"end":{"line":231,"column":7}},"line":229},"17":{"name":"getGuideboxMedia","decl":{"start":{"line":235,"column":11},"end":{"line":235,"column":27}},"loc":{"start":{"line":235,"column":110},"end":{"line":268,"column":3}},"line":235},"18":{"name":"(anonymous_18)","decl":{"start":{"line":243,"column":12},"end":{"line":243,"column":13}},"loc":{"start":{"line":243,"column":27},"end":{"line":265,"column":5}},"line":243},"19":{"name":"(anonymous_19)","decl":{"start":{"line":255,"column":42},"end":{"line":255,"column":43}},"loc":{"start":{"line":255,"column":64},"end":{"line":257,"column":9}},"line":255},"20":{"name":"(anonymous_20)","decl":{"start":{"line":257,"column":17},"end":{"line":257,"column":18}},"loc":{"start":{"line":257,"column":32},"end":{"line":260,"column":9}},"line":257},"21":{"name":"(anonymous_21)","decl":{"start":{"line":265,"column":13},"end":{"line":265,"column":14}},"loc":{"start":{"line":265,"column":26},"end":{"line":267,"column":5}},"line":265},"22":{"name":"getContent","decl":{"start":{"line":270,"column":28},"end":{"line":270,"column":38}},"loc":{"start":{"line":270,"column":44},"end":{"line":297,"column":3}},"line":270},"23":{"name":"(anonymous_23)","decl":{"start":{"line":272,"column":23},"end":{"line":272,"column":24}},"loc":{"start":{"line":272,"column":50},"end":{"line":296,"column":5}},"line":272},"24":{"name":"(anonymous_24)","decl":{"start":{"line":275,"column":33},"end":{"line":275,"column":34}},"loc":{"start":{"line":275,"column":53},"end":{"line":291,"column":7}},"line":275},"25":{"name":"(anonymous_25)","decl":{"start":{"line":284,"column":28},"end":{"line":284,"column":29}},"loc":{"start":{"line":284,"column":45},"end":{"line":286,"column":9}},"line":284},"26":{"name":"(anonymous_26)","decl":{"start":{"line":288,"column":27},"end":{"line":288,"column":28}},"loc":{"start":{"line":288,"column":39},"end":{"line":290,"column":9}},"line":288},"27":{"name":"(anonymous_27)","decl":{"start":{"line":293,"column":33},"end":{"line":293,"column":34}},"loc":{"start":{"line":293,"column":48},"end":{"line":295,"column":7}},"line":293},"28":{"name":"getOMDBInfo","decl":{"start":{"line":303,"column":11},"end":{"line":303,"column":22}},"loc":{"start":{"line":303,"column":45},"end":{"line":326,"column":3}},"line":303},"29":{"name":"(anonymous_29)","decl":{"start":{"line":304,"column":166},"end":{"line":304,"column":167}},"loc":{"start":{"line":304,"column":186},"end":{"line":322,"column":5}},"line":304},"30":{"name":"(anonymous_30)","decl":{"start":{"line":322,"column":13},"end":{"line":322,"column":14}},"loc":{"start":{"line":322,"column":28},"end":{"line":325,"column":5}},"line":322},"31":{"name":"saveMediaItem","decl":{"start":{"line":328,"column":11},"end":{"line":328,"column":24}},"loc":{"start":{"line":328,"column":53},"end":{"line":381,"column":3}},"line":328},"32":{"name":"(anonymous_32)","decl":{"start":{"line":329,"column":23},"end":{"line":329,"column":24}},"loc":{"start":{"line":329,"column":50},"end":{"line":380,"column":5}},"line":329},"33":{"name":"(anonymous_33)","decl":{"start":{"line":338,"column":83},"end":{"line":338,"column":84}},"loc":{"start":{"line":338,"column":101},"end":{"line":376,"column":7}},"line":338},"34":{"name":"(anonymous_34)","decl":{"start":{"line":343,"column":33},"end":{"line":343,"column":34}},"loc":{"start":{"line":343,"column":64},"end":{"line":350,"column":11}},"line":343},"35":{"name":"(anonymous_35)","decl":{"start":{"line":367,"column":29},"end":{"line":367,"column":30}},"loc":{"start":{"line":367,"column":60},"end":{"line":374,"column":11}},"line":367},"36":{"name":"(anonymous_36)","decl":{"start":{"line":376,"column":15},"end":{"line":376,"column":16}},"loc":{"start":{"line":376,"column":30},"end":{"line":379,"column":7}},"line":376},"37":{"name":"compareArrays","decl":{"start":{"line":391,"column":11},"end":{"line":391,"column":24}},"loc":{"start":{"line":391,"column":63},"end":{"line":426,"column":3}},"line":391},"38":{"name":"(anonymous_38)","decl":{"start":{"line":419,"column":54},"end":{"line":419,"column":55}},"loc":{"start":{"line":419,"column":75},"end":{"line":425,"column":5}},"line":419},"39":{"name":"convertToHTTPS","decl":{"start":{"line":428,"column":11},"end":{"line":428,"column":25}},"loc":{"start":{"line":428,"column":31},"end":{"line":433,"column":3}},"line":428},"40":{"name":"timestamp","decl":{"start":{"line":438,"column":26},"end":{"line":438,"column":35}},"loc":{"start":{"line":438,"column":38},"end":{"line":440,"column":7}},"line":438},"41":{"name":"formatter","decl":{"start":{"line":441,"column":26},"end":{"line":441,"column":35}},"loc":{"start":{"line":441,"column":45},"end":{"line":444,"column":7}},"line":441}},"branchMap":{"0":{"loc":{"start":{"line":15,"column":46},"end":{"line":15,"column":92}},"type":"cond-expr","locations":[{"start":{"line":15,"column":70},"end":{"line":15,"column":73}},{"start":{"line":15,"column":76},"end":{"line":15,"column":92}}],"line":15},"1":{"loc":{"start":{"line":15,"column":46},"end":{"line":15,"column":67}},"type":"binary-expr","locations":[{"start":{"line":15,"column":46},"end":{"line":15,"column":49}},{"start":{"line":15,"column":53},"end":{"line":15,"column":67}}],"line":15},"2":{"loc":{"start":{"line":35,"column":6},"end":{"line":37,"column":7}},"type":"if","locations":[{"start":{"line":35,"column":6},"end":{"line":37,"column":7}},{"start":{"line":35,"column":6},"end":{"line":37,"column":7}}],"line":35},"3":{"loc":{"start":{"line":45,"column":6},"end":{"line":47,"column":7}},"type":"if","locations":[{"start":{"line":45,"column":6},"end":{"line":47,"column":7}},{"start":{"line":45,"column":6},"end":{"line":47,"column":7}}],"line":45},"4":{"loc":{"start":{"line":48,"column":6},"end":{"line":50,"column":7}},"type":"if","locations":[{"start":{"line":48,"column":6},"end":{"line":50,"column":7}},{"start":{"line":48,"column":6},"end":{"line":50,"column":7}}],"line":48},"5":{"loc":{"start":{"line":51,"column":6},"end":{"line":53,"column":7}},"type":"if","locations":[{"start":{"line":51,"column":6},"end":{"line":53,"column":7}},{"start":{"line":51,"column":6},"end":{"line":53,"column":7}}],"line":51},"6":{"loc":{"start":{"line":56,"column":6},"end":{"line":58,"column":7}},"type":"if","locations":[{"start":{"line":56,"column":6},"end":{"line":58,"column":7}},{"start":{"line":56,"column":6},"end":{"line":58,"column":7}}],"line":56},"7":{"loc":{"start":{"line":59,"column":6},"end":{"line":61,"column":7}},"type":"if","locations":[{"start":{"line":59,"column":6},"end":{"line":61,"column":7}},{"start":{"line":59,"column":6},"end":{"line":61,"column":7}}],"line":59},"8":{"loc":{"start":{"line":62,"column":6},"end":{"line":64,"column":7}},"type":"if","locations":[{"start":{"line":62,"column":6},"end":{"line":64,"column":7}},{"start":{"line":62,"column":6},"end":{"line":64,"column":7}}],"line":62},"9":{"loc":{"start":{"line":65,"column":6},"end":{"line":67,"column":7}},"type":"if","locations":[{"start":{"line":65,"column":6},"end":{"line":67,"column":7}},{"start":{"line":65,"column":6},"end":{"line":67,"column":7}}],"line":65},"10":{"loc":{"start":{"line":68,"column":6},"end":{"line":70,"column":7}},"type":"if","locations":[{"start":{"line":68,"column":6},"end":{"line":70,"column":7}},{"start":{"line":68,"column":6},"end":{"line":70,"column":7}}],"line":68},"11":{"loc":{"start":{"line":71,"column":6},"end":{"line":88,"column":7}},"type":"if","locations":[{"start":{"line":71,"column":6},"end":{"line":88,"column":7}},{"start":{"line":71,"column":6},"end":{"line":88,"column":7}}],"line":71},"12":{"loc":{"start":{"line":71,"column":10},"end":{"line":71,"column":47}},"type":"binary-expr","locations":[{"start":{"line":71,"column":10},"end":{"line":71,"column":23}},{"start":{"line":71,"column":27},"end":{"line":71,"column":47}}],"line":71},"13":{"loc":{"start":{"line":75,"column":10},"end":{"line":77,"column":11}},"type":"if","locations":[{"start":{"line":75,"column":10},"end":{"line":77,"column":11}},{"start":{"line":75,"column":10},"end":{"line":77,"column":11}}],"line":75},"14":{"loc":{"start":{"line":75,"column":14},"end":{"line":75,"column":46}},"type":"binary-expr","locations":[{"start":{"line":75,"column":14},"end":{"line":75,"column":26}},{"start":{"line":75,"column":30},"end":{"line":75,"column":46}}],"line":75},"15":{"loc":{"start":{"line":78,"column":10},"end":{"line":80,"column":11}},"type":"if","locations":[{"start":{"line":78,"column":10},"end":{"line":80,"column":11}},{"start":{"line":78,"column":10},"end":{"line":80,"column":11}}],"line":78},"16":{"loc":{"start":{"line":78,"column":14},"end":{"line":78,"column":48}},"type":"binary-expr","locations":[{"start":{"line":78,"column":14},"end":{"line":78,"column":27}},{"start":{"line":78,"column":31},"end":{"line":78,"column":48}}],"line":78},"17":{"loc":{"start":{"line":81,"column":10},"end":{"line":83,"column":11}},"type":"if","locations":[{"start":{"line":81,"column":10},"end":{"line":83,"column":11}},{"start":{"line":81,"column":10},"end":{"line":83,"column":11}}],"line":81},"18":{"loc":{"start":{"line":81,"column":14},"end":{"line":81,"column":46}},"type":"binary-expr","locations":[{"start":{"line":81,"column":14},"end":{"line":81,"column":26}},{"start":{"line":81,"column":30},"end":{"line":81,"column":46}}],"line":81},"19":{"loc":{"start":{"line":84,"column":10},"end":{"line":86,"column":11}},"type":"if","locations":[{"start":{"line":84,"column":10},"end":{"line":86,"column":11}},{"start":{"line":84,"column":10},"end":{"line":86,"column":11}}],"line":84},"20":{"loc":{"start":{"line":84,"column":14},"end":{"line":84,"column":48}},"type":"binary-expr","locations":[{"start":{"line":84,"column":14},"end":{"line":84,"column":27}},{"start":{"line":84,"column":31},"end":{"line":84,"column":48}}],"line":84},"21":{"loc":{"start":{"line":92,"column":4},"end":{"line":121,"column":5}},"type":"if","locations":[{"start":{"line":92,"column":4},"end":{"line":121,"column":5}},{"start":{"line":92,"column":4},"end":{"line":121,"column":5}}],"line":92},"22":{"loc":{"start":{"line":110,"column":10},"end":{"line":112,"column":11}},"type":"if","locations":[{"start":{"line":110,"column":10},"end":{"line":112,"column":11}},{"start":{"line":110,"column":10},"end":{"line":112,"column":11}}],"line":110},"23":{"loc":{"start":{"line":110,"column":14},"end":{"line":110,"column":60}},"type":"binary-expr","locations":[{"start":{"line":110,"column":14},"end":{"line":110,"column":40}},{"start":{"line":110,"column":44},"end":{"line":110,"column":60}}],"line":110},"24":{"loc":{"start":{"line":114,"column":10},"end":{"line":116,"column":11}},"type":"if","locations":[{"start":{"line":114,"column":10},"end":{"line":116,"column":11}},{"start":{"line":114,"column":10},"end":{"line":116,"column":11}}],"line":114},"25":{"loc":{"start":{"line":134,"column":6},"end":{"line":188,"column":7}},"type":"if","locations":[{"start":{"line":134,"column":6},"end":{"line":188,"column":7}},{"start":{"line":134,"column":6},"end":{"line":188,"column":7}}],"line":134},"26":{"loc":{"start":{"line":136,"column":13},"end":{"line":188,"column":7}},"type":"if","locations":[{"start":{"line":136,"column":13},"end":{"line":188,"column":7}},{"start":{"line":136,"column":13},"end":{"line":188,"column":7}}],"line":136},"27":{"loc":{"start":{"line":139,"column":10},"end":{"line":179,"column":11}},"type":"if","locations":[{"start":{"line":139,"column":10},"end":{"line":179,"column":11}},{"start":{"line":139,"column":10},"end":{"line":179,"column":11}}],"line":139},"28":{"loc":{"start":{"line":139,"column":14},"end":{"line":139,"column":47}},"type":"binary-expr","locations":[{"start":{"line":139,"column":14},"end":{"line":139,"column":27}},{"start":{"line":139,"column":31},"end":{"line":139,"column":47}}],"line":139},"29":{"loc":{"start":{"line":146,"column":14},"end":{"line":172,"column":15}},"type":"if","locations":[{"start":{"line":146,"column":14},"end":{"line":172,"column":15}},{"start":{"line":146,"column":14},"end":{"line":172,"column":15}}],"line":146},"30":{"loc":{"start":{"line":153,"column":20},"end":{"line":158,"column":21}},"type":"if","locations":[{"start":{"line":153,"column":20},"end":{"line":158,"column":21}},{"start":{"line":153,"column":20},"end":{"line":158,"column":21}}],"line":153},"31":{"loc":{"start":{"line":165,"column":18},"end":{"line":170,"column":19}},"type":"if","locations":[{"start":{"line":165,"column":18},"end":{"line":170,"column":19}},{"start":{"line":165,"column":18},"end":{"line":170,"column":19}}],"line":165},"32":{"loc":{"start":{"line":193,"column":4},"end":{"line":232,"column":5}},"type":"if","locations":[{"start":{"line":193,"column":4},"end":{"line":232,"column":5}},{"start":{"line":193,"column":4},"end":{"line":232,"column":5}}],"line":193},"33":{"loc":{"start":{"line":193,"column":8},"end":{"line":193,"column":93}},"type":"binary-expr","locations":[{"start":{"line":193,"column":8},"end":{"line":193,"column":26}},{"start":{"line":193,"column":30},"end":{"line":193,"column":56}},{"start":{"line":193,"column":60},"end":{"line":193,"column":93}}],"line":193},"34":{"loc":{"start":{"line":203,"column":6},"end":{"line":209,"column":7}},"type":"switch","locations":[{"start":{"line":204,"column":8},"end":{"line":206,"column":16}},{"start":{"line":207,"column":8},"end":{"line":208,"column":33}}],"line":203},"35":{"loc":{"start":{"line":245,"column":6},"end":{"line":264,"column":7}},"type":"if","locations":[{"start":{"line":245,"column":6},"end":{"line":264,"column":7}},{"start":{"line":245,"column":6},"end":{"line":264,"column":7}}],"line":245},"36":{"loc":{"start":{"line":245,"column":10},"end":{"line":245,"column":31}},"type":"binary-expr","locations":[{"start":{"line":245,"column":10},"end":{"line":245,"column":15}},{"start":{"line":245,"column":19},"end":{"line":245,"column":31}}],"line":245},"37":{"loc":{"start":{"line":274,"column":16},"end":{"line":274,"column":76}},"type":"cond-expr","locations":[{"start":{"line":274,"column":42},"end":{"line":274,"column":58}},{"start":{"line":274,"column":61},"end":{"line":274,"column":76}}],"line":274},"38":{"loc":{"start":{"line":277,"column":8},"end":{"line":280,"column":9}},"type":"if","locations":[{"start":{"line":277,"column":8},"end":{"line":280,"column":9}},{"start":{"line":277,"column":8},"end":{"line":280,"column":9}}],"line":277},"39":{"loc":{"start":{"line":277,"column":12},"end":{"line":277,"column":66}},"type":"binary-expr","locations":[{"start":{"line":277,"column":12},"end":{"line":277,"column":37}},{"start":{"line":277,"column":41},"end":{"line":277,"column":66}}],"line":277},"40":{"loc":{"start":{"line":304,"column":114},"end":{"line":304,"column":158}},"type":"cond-expr","locations":[{"start":{"line":304,"column":139},"end":{"line":304,"column":147}},{"start":{"line":304,"column":150},"end":{"line":304,"column":158}}],"line":304},"41":{"loc":{"start":{"line":331,"column":6},"end":{"line":337,"column":7}},"type":"switch","locations":[{"start":{"line":332,"column":8},"end":{"line":334,"column":16}},{"start":{"line":335,"column":8},"end":{"line":336,"column":33}}],"line":331},"42":{"loc":{"start":{"line":339,"column":8},"end":{"line":375,"column":9}},"type":"if","locations":[{"start":{"line":339,"column":8},"end":{"line":375,"column":9}},{"start":{"line":339,"column":8},"end":{"line":375,"column":9}}],"line":339},"43":{"loc":{"start":{"line":344,"column":12},"end":{"line":349,"column":13}},"type":"if","locations":[{"start":{"line":344,"column":12},"end":{"line":349,"column":13}},{"start":{"line":344,"column":12},"end":{"line":349,"column":13}}],"line":344},"44":{"loc":{"start":{"line":368,"column":12},"end":{"line":373,"column":13}},"type":"if","locations":[{"start":{"line":368,"column":12},"end":{"line":373,"column":13}},{"start":{"line":368,"column":12},"end":{"line":373,"column":13}}],"line":368},"45":{"loc":{"start":{"line":400,"column":8},"end":{"line":402,"column":9}},"type":"if","locations":[{"start":{"line":400,"column":8},"end":{"line":402,"column":9}},{"start":{"line":400,"column":8},"end":{"line":402,"column":9}}],"line":400},"46":{"loc":{"start":{"line":409,"column":8},"end":{"line":411,"column":9}},"type":"if","locations":[{"start":{"line":409,"column":8},"end":{"line":411,"column":9}},{"start":{"line":409,"column":8},"end":{"line":411,"column":9}}],"line":409},"47":{"loc":{"start":{"line":409,"column":12},"end":{"line":409,"column":60}},"type":"binary-expr","locations":[{"start":{"line":409,"column":12},"end":{"line":409,"column":39}},{"start":{"line":409,"column":43},"end":{"line":409,"column":60}}],"line":409},"48":{"loc":{"start":{"line":413,"column":8},"end":{"line":415,"column":9}},"type":"if","locations":[{"start":{"line":413,"column":8},"end":{"line":415,"column":9}},{"start":{"line":413,"column":8},"end":{"line":415,"column":9}}],"line":413},"49":{"loc":{"start":{"line":420,"column":6},"end":{"line":424,"column":7}},"type":"if","locations":[{"start":{"line":420,"column":6},"end":{"line":424,"column":7}},{"start":{"line":420,"column":6},"end":{"line":424,"column":7}}],"line":420},"50":{"loc":{"start":{"line":429,"column":4},"end":{"line":431,"column":5}},"type":"if","locations":[{"start":{"line":429,"column":4},"end":{"line":431,"column":5}},{"start":{"line":429,"column":4},"end":{"line":431,"column":5}}],"line":429},"51":{"loc":{"start":{"line":443,"column":80},"end":{"line":443,"column":118}},"type":"cond-expr","locations":[{"start":{"line":443,"column":98},"end":{"line":443,"column":113}},{"start":{"line":443,"column":116},"end":{"line":443,"column":118}}],"line":443},"52":{"loc":{"start":{"line":443,"column":123},"end":{"line":443,"column":216}},"type":"cond-expr","locations":[{"start":{"line":443,"column":174},"end":{"line":443,"column":211}},{"start":{"line":443,"column":214},"end":{"line":443,"column":216}}],"line":443},"53":{"loc":{"start":{"line":443,"column":123},"end":{"line":443,"column":171}},"type":"binary-expr","locations":[{"start":{"line":443,"column":123},"end":{"line":443,"column":135}},{"start":{"line":443,"column":139},"end":{"line":443,"column":171}}],"line":443}},"s":{"0":1,"1":1,"2":1,"3":1,"4":1,"5":1,"6":3,"7":1,"8":1,"9":1,"10":1,"11":0,"12":0,"13":0,"14":0,"15":0,"16":0,"17":0,"18":0,"19":0,"20":0,"21":0,"22":0,"23":0,"24":0,"25":0,"26":0,"27":0,"28":0,"29":0,"30":0,"31":0,"32":0,"33":0,"34":0,"35":0,"36":0,"37":0,"38":0,"39":0,"40":0,"41":0,"42":0,"43":0,"44":0,"45":0,"46":0,"47":0,"48":0,"49":0,"50":0,"51":0,"52":0,"53":0,"54":0,"55":0,"56":0,"57":0,"58":0,"59":0,"60":0,"61":0,"62":0,"63":0,"64":0,"65":0,"66":0,"67":0,"68":0,"69":0,"70":0,"71":0,"72":0,"73":0,"74":0,"75":0,"76":0,"77":0,"78":0,"79":0,"80":0,"81":0,"82":0,"83":0,"84":0,"85":0,"86":0,"87":0,"88":0,"89":0,"90":0,"91":0,"92":0,"93":0,"94":0,"95":0,"96":0,"97":0,"98":0,"99":0,"100":0,"101":0,"102":0,"103":0,"104":0,"105":0,"106":0,"107":0,"108":0,"109":0,"110":0,"111":0,"112":0,"113":0,"114":0,"115":0,"116":0,"117":0,"118":0,"119":0,"120":0,"121":0,"122":0,"123":0,"124":0,"125":0,"126":0,"127":0,"128":0,"129":0,"130":0,"131":0,"132":0,"133":0,"134":1,"135":0,"136":0,"137":0,"138":0,"139":0,"140":0,"141":0,"142":0,"143":0,"144":0,"145":0,"146":0,"147":0,"148":0,"149":0,"150":0,"151":0,"152":0,"153":0,"154":0,"155":0,"156":0,"157":0,"158":0,"159":0,"160":0,"161":0,"162":0,"163":0,"164":0,"165":0,"166":0,"167":0,"168":0,"169":0,"170":0,"171":0,"172":0,"173":0,"174":0,"175":0,"176":0,"177":0,"178":0,"179":0,"180":0,"181":0,"182":0,"183":0,"184":0,"185":0,"186":0,"187":0,"188":0,"189":0,"190":0,"191":0,"192":0,"193":0,"194":0,"195":0,"196":0,"197":0,"198":0,"199":0,"200":0,"201":0,"202":0,"203":0,"204":0,"205":0,"206":0,"207":0,"208":0,"209":0,"210":0,"211":0,"212":0,"213":0,"214":0,"215":0,"216":0,"217":0,"218":0,"219":0,"220":0,"221":0,"222":0,"223":0,"224":0,"225":1,"226":0,"227":0,"228":1,"229":1,"230":1},"f":{"0":3,"1":1,"2":0,"3":0,"4":0,"5":0,"6":0,"7":0,"8":0,"9":0,"10":0,"11":0,"12":0,"13":0,"14":0,"15":0,"16":0,"17":0,"18":0,"19":0,"20":0,"21":0,"22":0,"23":0,"24":0,"25":0,"26":0,"27":0,"28":0,"29":0,"30":0,"31":0,"32":0,"33":0,"34":0,"35":0,"36":0,"37":0,"38":0,"39":0,"40":0,"41":0},"b":{"0":[2,1],"1":[3,3],"2":[0,0],"3":[0,0],"4":[0,0],"5":[0,0],"6":[0,0],"7":[0,0],"8":[0,0],"9":[0,0],"10":[0,0],"11":[0,0],"12":[0,0],"13":[0,0],"14":[0,0],"15":[0,0],"16":[0,0],"17":[0,0],"18":[0,0],"19":[0,0],"20":[0,0],"21":[0,0],"22":[0,0],"23":[0,0],"24":[0,0],"25":[0,0],"26":[0,0],"27":[0,0],"28":[0,0],"29":[0,0],"30":[0,0],"31":[0,0],"32":[0,0],"33":[0,0,0],"34":[0,0],"35":[0,0],"36":[0,0],"37":[0,0],"38":[0,0],"39":[0,0],"40":[0,0],"41":[0,0],"42":[0,0],"43":[0,0],"44":[0,0],"45":[0,0],"46":[0,0],"47":[0,0],"48":[0,0],"49":[0,0],"50":[0,0],"51":[0,0],"52":[0,0],"53":[0,0]},"_coverageSchema":"332fd63041d2c1bcb487cc26dd0d5f7d97098a6c","hash":"fb809d1f60093046a56663d12f986264b7a91f21","contentHash":"ea23a11995740b3d1634d27b0ef1f095_10.2.0"},"/Users/jhunken/code/sliced.tv/server/config/environment/index.js":{"path":"/Users/jhunken/code/sliced.tv/server/config/environment/index.js","statementMap":{"0":{"start":{"line":4,"column":12},"end":{"line":4,"column":27}},"1":{"start":{"line":6,"column":13},"end":{"line":6,"column":42}},"2":{"start":{"line":8,"column":14},"end":{"line":8,"column":31}},"3":{"start":{"line":10,"column":15},"end":{"line":10,"column":46}},"4":{"start":{"line":12,"column":39},"end":{"line":12,"column":93}},"5":{"start":{"line":23,"column":10},"end":{"line":72,"column":1}},"6":{"start":{"line":76,"column":0},"end":{"line":76,"column":118}}},"fnMap":{"0":{"name":"_interopRequireDefault","decl":{"start":{"line":12,"column":9},"end":{"line":12,"column":31}},"loc":{"start":{"line":12,"column":37},"end":{"line":12,"column":95}},"line":12}},"branchMap":{"0":{"loc":{"start":{"line":12,"column":46},"end":{"line":12,"column":92}},"type":"cond-expr","locations":[{"start":{"line":12,"column":70},"end":{"line":12,"column":73}},{"start":{"line":12,"column":76},"end":{"line":12,"column":92}}],"line":12},"1":{"loc":{"start":{"line":12,"column":46},"end":{"line":12,"column":67}},"type":"binary-expr","locations":[{"start":{"line":12,"column":46},"end":{"line":12,"column":49}},{"start":{"line":12,"column":53},"end":{"line":12,"column":67}}],"line":12},"2":{"loc":{"start":{"line":30,"column":19},"end":{"line":30,"column":56}},"type":"binary-expr","locations":[{"start":{"line":30,"column":19},"end":{"line":30,"column":48}},{"start":{"line":30,"column":52},"end":{"line":30,"column":56}}],"line":30},"3":{"loc":{"start":{"line":33,"column":8},"end":{"line":33,"column":32}},"type":"binary-expr","locations":[{"start":{"line":33,"column":8},"end":{"line":33,"column":24}},{"start":{"line":33,"column":28},"end":{"line":33,"column":32}}],"line":33},"4":{"loc":{"start":{"line":36,"column":6},"end":{"line":36,"column":33}},"type":"binary-expr","locations":[{"start":{"line":36,"column":6},"end":{"line":36,"column":20}},{"start":{"line":36,"column":24},"end":{"line":36,"column":33}}],"line":36},"5":{"loc":{"start":{"line":56,"column":14},"end":{"line":56,"column":43}},"type":"binary-expr","locations":[{"start":{"line":56,"column":14},"end":{"line":56,"column":35}},{"start":{"line":56,"column":39},"end":{"line":56,"column":43}}],"line":56},"6":{"loc":{"start":{"line":57,"column":18},"end":{"line":57,"column":55}},"type":"binary-expr","locations":[{"start":{"line":57,"column":18},"end":{"line":57,"column":43}},{"start":{"line":57,"column":47},"end":{"line":57,"column":55}}],"line":57},"7":{"loc":{"start":{"line":58,"column":18},"end":{"line":58,"column":42}},"type":"binary-expr","locations":[{"start":{"line":58,"column":18},"end":{"line":58,"column":36}},{"start":{"line":58,"column":40},"end":{"line":58,"column":42}}],"line":58},"8":{"loc":{"start":{"line":67,"column":11},"end":{"line":67,"column":42}},"type":"binary-expr","locations":[{"start":{"line":67,"column":11},"end":{"line":67,"column":32}},{"start":{"line":67,"column":36},"end":{"line":67,"column":42}}],"line":67},"9":{"loc":{"start":{"line":70,"column":9},"end":{"line":70,"column":58}},"type":"binary-expr","locations":[{"start":{"line":70,"column":9},"end":{"line":70,"column":30}},{"start":{"line":70,"column":34},"end":{"line":70,"column":58}}],"line":70},"10":{"loc":{"start":{"line":76,"column":66},"end":{"line":76,"column":116}},"type":"binary-expr","locations":[{"start":{"line":76,"column":66},"end":{"line":76,"column":110}},{"start":{"line":76,"column":114},"end":{"line":76,"column":116}}],"line":76}},"s":{"0":1,"1":1,"2":1,"3":1,"4":2,"5":1,"6":1},"f":{"0":2},"b":{"0":[0,2],"1":[2,2],"2":[1,1],"3":[1,1],"4":[1,1],"5":[1,1],"6":[1,1],"7":[1,1],"8":[1,1],"9":[1,1],"10":[1,0]},"_coverageSchema":"332fd63041d2c1bcb487cc26dd0d5f7d97098a6c","hash":"7cbdd86e4e6f0b90b9b8b166f027b42b3c8ab2af","contentHash":"0f83ed45204777433488095f656eb189_10.2.0"},"/Users/jhunken/code/sliced.tv/server/config/environment/shared.js":{"path":"/Users/jhunken/code/sliced.tv/server/config/environment/shared.js","statementMap":{"0":{"start":{"line":3,"column":0},"end":{"line":6,"column":2}}},"fnMap":{},"branchMap":{},"s":{"0":1},"f":{},"b":{},"_coverageSchema":"332fd63041d2c1bcb487cc26dd0d5f7d97098a6c","hash":"d4a61b23104b8b31e10112be668bd1d18835f655","contentHash":"1f82acf82312476484af8fa51ef73272_10.2.0"},"/Users/jhunken/code/sliced.tv/server/config/environment/test.js":{"path":"/Users/jhunken/code/sliced.tv/server/config/environment/test.js","statementMap":{"0":{"start":{"line":7,"column":0},"end":{"line":24,"column":2}}},"fnMap":{},"branchMap":{},"s":{"0":1},"f":{},"b":{},"_coverageSchema":"332fd63041d2c1bcb487cc26dd0d5f7d97098a6c","hash":"ed0aec8156ad0398c8cc40c4fdf348cc6b8ca14d","contentHash":"fc28e7370678a0a9df4f0c917a652a2d_10.2.0"},"/Users/jhunken/code/sliced.tv/server/api/show/show.model.js":{"path":"/Users/jhunken/code/sliced.tv/server/api/show/show.model.js","statementMap":{"0":{"start":{"line":3,"column":0},"end":{"line":5,"column":3}},"1":{"start":{"line":7,"column":16},"end":{"line":7,"column":35}},"2":{"start":{"line":9,"column":17},"end":{"line":9,"column":50}},"3":{"start":{"line":11,"column":24},"end":{"line":11,"column":52}},"4":{"start":{"line":13,"column":25},"end":{"line":13,"column":66}},"5":{"start":{"line":15,"column":12},"end":{"line":15,"column":36}},"6":{"start":{"line":17,"column":39},"end":{"line":17,"column":93}},"7":{"start":{"line":19,"column":17},"end":{"line":112,"column":2}},"8":{"start":{"line":114,"column":0},"end":{"line":114,"column":46}},"9":{"start":{"line":115,"column":0},"end":{"line":115,"column":38}},"10":{"start":{"line":116,"column":0},"end":{"line":116,"column":63}}},"fnMap":{"0":{"name":"_interopRequireDefault","decl":{"start":{"line":17,"column":9},"end":{"line":17,"column":31}},"loc":{"start":{"line":17,"column":37},"end":{"line":17,"column":95}},"line":17}},"branchMap":{"0":{"loc":{"start":{"line":17,"column":46},"end":{"line":17,"column":92}},"type":"cond-expr","locations":[{"start":{"line":17,"column":70},"end":{"line":17,"column":73}},{"start":{"line":17,"column":76},"end":{"line":17,"column":92}}],"line":17},"1":{"loc":{"start":{"line":17,"column":46},"end":{"line":17,"column":67}},"type":"binary-expr","locations":[{"start":{"line":17,"column":46},"end":{"line":17,"column":49}},{"start":{"line":17,"column":53},"end":{"line":17,"column":67}}],"line":17}},"s":{"0":1,"1":1,"2":1,"3":1,"4":1,"5":1,"6":2,"7":1,"8":1,"9":1,"10":1},"f":{"0":2},"b":{"0":[0,2],"1":[2,2]},"_coverageSchema":"332fd63041d2c1bcb487cc26dd0d5f7d97098a6c","hash":"9ffe2bd1b6df7680ffcecb9bf3e4749146cf3dc7","contentHash":"cf01f3b318cd6f722d886c1983a498da_10.2.0"},"/Users/jhunken/code/sliced.tv/server/api/show/show.events.js":{"path":"/Users/jhunken/code/sliced.tv/server/api/show/show.events.js","statementMap":{"0":{"start":{"line":7,"column":0},"end":{"line":9,"column":3}},"1":{"start":{"line":10,"column":0},"end":{"line":10,"column":35}},"2":{"start":{"line":12,"column":14},"end":{"line":12,"column":31}},"3":{"start":{"line":14,"column":17},"end":{"line":14,"column":43}},"4":{"start":{"line":17,"column":0},"end":{"line":17,"column":30}},"5":{"start":{"line":20,"column":13},"end":{"line":23,"column":1}},"6":{"start":{"line":27,"column":2},"end":{"line":30,"column":3}},"7":{"start":{"line":28,"column":16},"end":{"line":28,"column":25}},"8":{"start":{"line":29,"column":4},"end":{"line":29,"column":35}},"9":{"start":{"line":34,"column":2},"end":{"line":37,"column":4}},"10":{"start":{"line":35,"column":4},"end":{"line":35,"column":48}},"11":{"start":{"line":36,"column":4},"end":{"line":36,"column":32}},"12":{"start":{"line":40,"column":0},"end":{"line":40,"column":40}},"13":{"start":{"line":41,"column":0},"end":{"line":41,"column":29}}},"fnMap":{"0":{"name":"registerEvents","decl":{"start":{"line":26,"column":9},"end":{"line":26,"column":23}},"loc":{"start":{"line":26,"column":30},"end":{"line":31,"column":1}},"line":26},"1":{"name":"emitEvent","decl":{"start":{"line":33,"column":9},"end":{"line":33,"column":18}},"loc":{"start":{"line":33,"column":26},"end":{"line":38,"column":1}},"line":33},"2":{"name":"(anonymous_2)","decl":{"start":{"line":34,"column":9},"end":{"line":34,"column":10}},"loc":{"start":{"line":34,"column":24},"end":{"line":37,"column":3}},"line":34}},"branchMap":{},"s":{"0":1,"1":1,"2":1,"3":1,"4":1,"5":1,"6":1,"7":2,"8":2,"9":2,"10":0,"11":0,"12":1,"13":1},"f":{"0":1,"1":2,"2":0},"b":{},"_coverageSchema":"332fd63041d2c1bcb487cc26dd0d5f7d97098a6c","hash":"722056fa2973ce4705592b0b44e059e1e5954519","contentHash":"d17e784ab20add46d51b5cc55f887a35_10.2.0"},"/Users/jhunken/code/sliced.tv/server/queue/index.js":{"path":"/Users/jhunken/code/sliced.tv/server/queue/index.js","statementMap":{"0":{"start":{"line":3,"column":13},"end":{"line":3,"column":43}},"1":{"start":{"line":5,"column":14},"end":{"line":5,"column":44}},"2":{"start":{"line":7,"column":19},"end":{"line":7,"column":51}},"3":{"start":{"line":9,"column":20},"end":{"line":9,"column":56}},"4":{"start":{"line":11,"column":39},"end":{"line":11,"column":93}},"5":{"start":{"line":13,"column":12},"end":{"line":163,"column":25}},"6":{"start":{"line":14,"column":12},"end":{"line":14,"column":26}},"7":{"start":{"line":15,"column":14},"end":{"line":17,"column":4}},"8":{"start":{"line":18,"column":21},"end":{"line":18,"column":35}},"9":{"start":{"line":20,"column":14},"end":{"line":20,"column":17}},"10":{"start":{"line":26,"column":2},"end":{"line":28,"column":5}},"11":{"start":{"line":27,"column":4},"end":{"line":27,"column":29}},"12":{"start":{"line":30,"column":28},"end":{"line":41,"column":3}},"13":{"start":{"line":31,"column":4},"end":{"line":31,"column":79}},"14":{"start":{"line":32,"column":14},"end":{"line":40,"column":77}},"15":{"start":{"line":33,"column":6},"end":{"line":33,"column":53}},"16":{"start":{"line":34,"column":6},"end":{"line":34,"column":13}},"17":{"start":{"line":36,"column":6},"end":{"line":36,"column":56}},"18":{"start":{"line":37,"column":6},"end":{"line":37,"column":13}},"19":{"start":{"line":43,"column":26},"end":{"line":54,"column":3}},"20":{"start":{"line":44,"column":4},"end":{"line":44,"column":77}},"21":{"start":{"line":45,"column":14},"end":{"line":53,"column":77}},"22":{"start":{"line":46,"column":6},"end":{"line":46,"column":53}},"23":{"start":{"line":47,"column":6},"end":{"line":47,"column":13}},"24":{"start":{"line":49,"column":6},"end":{"line":49,"column":56}},"25":{"start":{"line":50,"column":6},"end":{"line":50,"column":13}},"26":{"start":{"line":56,"column":16},"end":{"line":126,"column":3}},"27":{"start":{"line":57,"column":4},"end":{"line":115,"column":7}},"28":{"start":{"line":58,"column":6},"end":{"line":114,"column":7}},"29":{"start":{"line":59,"column":8},"end":{"line":59,"column":28}},"30":{"start":{"line":60,"column":8},"end":{"line":60,"column":15}},"31":{"start":{"line":63,"column":8},"end":{"line":88,"column":9}},"32":{"start":{"line":64,"column":10},"end":{"line":75,"column":13}},"33":{"start":{"line":74,"column":12},"end":{"line":74,"column":32}},"34":{"start":{"line":76,"column":10},"end":{"line":87,"column":13}},"35":{"start":{"line":86,"column":12},"end":{"line":86,"column":32}},"36":{"start":{"line":91,"column":8},"end":{"line":113,"column":11}},"37":{"start":{"line":92,"column":10},"end":{"line":107,"column":11}},"38":{"start":{"line":93,"column":28},"end":{"line":93,"column":103}},"39":{"start":{"line":95,"column":12},"end":{"line":103,"column":13}},"40":{"start":{"line":96,"column":14},"end":{"line":96,"column":52}},"41":{"start":{"line":97,"column":19},"end":{"line":103,"column":13}},"42":{"start":{"line":98,"column":14},"end":{"line":98,"column":52}},"43":{"start":{"line":99,"column":14},"end":{"line":99,"column":33}},"44":{"start":{"line":100,"column":19},"end":{"line":103,"column":13}},"45":{"start":{"line":101,"column":14},"end":{"line":101,"column":56}},"46":{"start":{"line":102,"column":14},"end":{"line":102,"column":33}},"47":{"start":{"line":105,"column":12},"end":{"line":105,"column":79}},"48":{"start":{"line":106,"column":12},"end":{"line":106,"column":19}},"49":{"start":{"line":108,"column":10},"end":{"line":108,"column":44}},"50":{"start":{"line":109,"column":10},"end":{"line":109,"column":17}},"51":{"start":{"line":111,"column":10},"end":{"line":111,"column":35}},"52":{"start":{"line":112,"column":10},"end":{"line":112,"column":17}},"53":{"start":{"line":117,"column":4},"end":{"line":125,"column":7}},"54":{"start":{"line":118,"column":6},"end":{"line":124,"column":9}},"55":{"start":{"line":119,"column":8},"end":{"line":119,"column":74}},"56":{"start":{"line":120,"column":8},"end":{"line":120,"column":15}},"57":{"start":{"line":122,"column":8},"end":{"line":122,"column":33}},"58":{"start":{"line":123,"column":8},"end":{"line":123,"column":15}},"59":{"start":{"line":128,"column":19},"end":{"line":136,"column":3}},"60":{"start":{"line":129,"column":4},"end":{"line":135,"column":7}},"61":{"start":{"line":134,"column":6},"end":{"line":134,"column":76}},"62":{"start":{"line":140,"column":2},"end":{"line":157,"column":5}},"63":{"start":{"line":141,"column":4},"end":{"line":156,"column":5}},"64":{"start":{"line":142,"column":6},"end":{"line":142,"column":31}},"65":{"start":{"line":143,"column":11},"end":{"line":156,"column":5}},"66":{"start":{"line":144,"column":6},"end":{"line":155,"column":9}},"67":{"start":{"line":154,"column":8},"end":{"line":154,"column":54}},"68":{"start":{"line":159,"column":2},"end":{"line":162,"column":4}},"69":{"start":{"line":165,"column":0},"end":{"line":165,"column":23}}},"fnMap":{"0":{"name":"_interopRequireDefault","decl":{"start":{"line":11,"column":9},"end":{"line":11,"column":31}},"loc":{"start":{"line":11,"column":37},"end":{"line":11,"column":95}},"line":11},"1":{"name":"(anonymous_1)","decl":{"start":{"line":13,"column":12},"end":{"line":13,"column":13}},"loc":{"start":{"line":13,"column":30},"end":{"line":163,"column":1}},"line":13},"2":{"name":"(anonymous_2)","decl":{"start":{"line":26,"column":20},"end":{"line":26,"column":21}},"loc":{"start":{"line":26,"column":35},"end":{"line":28,"column":3}},"line":26},"3":{"name":"getGuideboxMediaJob","decl":{"start":{"line":30,"column":37},"end":{"line":30,"column":56}},"loc":{"start":{"line":30,"column":71},"end":{"line":41,"column":3}},"line":30},"4":{"name":"(anonymous_4)","decl":{"start":{"line":32,"column":70},"end":{"line":32,"column":71}},"loc":{"start":{"line":32,"column":82},"end":{"line":35,"column":5}},"line":32},"5":{"name":"(anonymous_5)","decl":{"start":{"line":35,"column":20},"end":{"line":35,"column":21}},"loc":{"start":{"line":35,"column":32},"end":{"line":38,"column":5}},"line":35},"6":{"name":"getOMDBRatingsJob","decl":{"start":{"line":43,"column":35},"end":{"line":43,"column":52}},"loc":{"start":{"line":43,"column":67},"end":{"line":54,"column":3}},"line":43},"7":{"name":"(anonymous_7)","decl":{"start":{"line":45,"column":68},"end":{"line":45,"column":69}},"loc":{"start":{"line":45,"column":80},"end":{"line":48,"column":5}},"line":45},"8":{"name":"(anonymous_8)","decl":{"start":{"line":48,"column":20},"end":{"line":48,"column":21}},"loc":{"start":{"line":48,"column":32},"end":{"line":51,"column":5}},"line":48},"9":{"name":"process","decl":{"start":{"line":56,"column":25},"end":{"line":56,"column":32}},"loc":{"start":{"line":56,"column":35},"end":{"line":126,"column":3}},"line":56},"10":{"name":"(anonymous_10)","decl":{"start":{"line":57,"column":38},"end":{"line":57,"column":39}},"loc":{"start":{"line":57,"column":57},"end":{"line":115,"column":5}},"line":57},"11":{"name":"(anonymous_11)","decl":{"start":{"line":73,"column":13},"end":{"line":73,"column":14}},"loc":{"start":{"line":73,"column":25},"end":{"line":75,"column":11}},"line":73},"12":{"name":"(anonymous_12)","decl":{"start":{"line":85,"column":13},"end":{"line":85,"column":14}},"loc":{"start":{"line":85,"column":25},"end":{"line":87,"column":11}},"line":85},"13":{"name":"(anonymous_13)","decl":{"start":{"line":91,"column":177},"end":{"line":91,"column":178}},"loc":{"start":{"line":91,"column":202},"end":{"line":110,"column":9}},"line":91},"14":{"name":"(anonymous_14)","decl":{"start":{"line":110,"column":17},"end":{"line":110,"column":18}},"loc":{"start":{"line":110,"column":32},"end":{"line":113,"column":9}},"line":110},"15":{"name":"(anonymous_15)","decl":{"start":{"line":117,"column":36},"end":{"line":117,"column":37}},"loc":{"start":{"line":117,"column":55},"end":{"line":125,"column":5}},"line":117},"16":{"name":"(anonymous_16)","decl":{"start":{"line":118,"column":75},"end":{"line":118,"column":76}},"loc":{"start":{"line":118,"column":103},"end":{"line":121,"column":7}},"line":118},"17":{"name":"(anonymous_17)","decl":{"start":{"line":121,"column":15},"end":{"line":121,"column":16}},"loc":{"start":{"line":121,"column":30},"end":{"line":124,"column":7}},"line":121},"18":{"name":"addOMDBJob","decl":{"start":{"line":128,"column":28},"end":{"line":128,"column":38}},"loc":{"start":{"line":128,"column":61},"end":{"line":136,"column":3}},"line":128},"19":{"name":"(anonymous_19)","decl":{"start":{"line":133,"column":7},"end":{"line":133,"column":8}},"loc":{"start":{"line":133,"column":19},"end":{"line":135,"column":5}},"line":133},"20":{"name":"(anonymous_20)","decl":{"start":{"line":140,"column":21},"end":{"line":140,"column":22}},"loc":{"start":{"line":140,"column":43},"end":{"line":157,"column":3}},"line":140},"21":{"name":"(anonymous_21)","decl":{"start":{"line":153,"column":9},"end":{"line":153,"column":10}},"loc":{"start":{"line":153,"column":21},"end":{"line":155,"column":7}},"line":153}},"branchMap":{"0":{"loc":{"start":{"line":11,"column":46},"end":{"line":11,"column":92}},"type":"cond-expr","locations":[{"start":{"line":11,"column":70},"end":{"line":11,"column":73}},{"start":{"line":11,"column":76},"end":{"line":11,"column":92}}],"line":11},"1":{"loc":{"start":{"line":11,"column":46},"end":{"line":11,"column":67}},"type":"binary-expr","locations":[{"start":{"line":11,"column":46},"end":{"line":11,"column":49}},{"start":{"line":11,"column":53},"end":{"line":11,"column":67}}],"line":11},"2":{"loc":{"start":{"line":58,"column":6},"end":{"line":114,"column":7}},"type":"if","locations":[{"start":{"line":58,"column":6},"end":{"line":114,"column":7}},{"start":{"line":58,"column":6},"end":{"line":114,"column":7}}],"line":58},"3":{"loc":{"start":{"line":63,"column":8},"end":{"line":88,"column":9}},"type":"if","locations":[{"start":{"line":63,"column":8},"end":{"line":88,"column":9}},{"start":{"line":63,"column":8},"end":{"line":88,"column":9}}],"line":63},"4":{"loc":{"start":{"line":92,"column":10},"end":{"line":107,"column":11}},"type":"if","locations":[{"start":{"line":92,"column":10},"end":{"line":107,"column":11}},{"start":{"line":92,"column":10},"end":{"line":107,"column":11}}],"line":92},"5":{"loc":{"start":{"line":95,"column":12},"end":{"line":103,"column":13}},"type":"if","locations":[{"start":{"line":95,"column":12},"end":{"line":103,"column":13}},{"start":{"line":95,"column":12},"end":{"line":103,"column":13}}],"line":95},"6":{"loc":{"start":{"line":97,"column":19},"end":{"line":103,"column":13}},"type":"if","locations":[{"start":{"line":97,"column":19},"end":{"line":103,"column":13}},{"start":{"line":97,"column":19},"end":{"line":103,"column":13}}],"line":97},"7":{"loc":{"start":{"line":100,"column":19},"end":{"line":103,"column":13}},"type":"if","locations":[{"start":{"line":100,"column":19},"end":{"line":103,"column":13}},{"start":{"line":100,"column":19},"end":{"line":103,"column":13}}],"line":100},"8":{"loc":{"start":{"line":100,"column":23},"end":{"line":100,"column":57}},"type":"binary-expr","locations":[{"start":{"line":100,"column":23},"end":{"line":100,"column":36}},{"start":{"line":100,"column":40},"end":{"line":100,"column":57}}],"line":100},"9":{"loc":{"start":{"line":141,"column":4},"end":{"line":156,"column":5}},"type":"if","locations":[{"start":{"line":141,"column":4},"end":{"line":156,"column":5}},{"start":{"line":141,"column":4},"end":{"line":156,"column":5}}],"line":141},"10":{"loc":{"start":{"line":143,"column":11},"end":{"line":156,"column":5}},"type":"if","locations":[{"start":{"line":143,"column":11},"end":{"line":156,"column":5}},{"start":{"line":143,"column":11},"end":{"line":156,"column":5}}],"line":143}},"s":{"0":1,"1":1,"2":1,"3":1,"4":2,"5":1,"6":1,"7":1,"8":1,"9":1,"10":1,"11":0,"12":1,"13":0,"14":0,"15":0,"16":0,"17":0,"18":0,"19":1,"20":0,"21":0,"22":0,"23":0,"24":0,"25":0,"26":1,"27":0,"28":0,"29":0,"30":0,"31":0,"32":0,"33":0,"34":0,"35":0,"36":0,"37":0,"38":0,"39":0,"40":0,"41":0,"42":0,"43":0,"44":0,"45":0,"46":0,"47":0,"48":0,"49":0,"50":0,"51":0,"52":0,"53":0,"54":0,"55":0,"56":0,"57":0,"58":0,"59":1,"60":0,"61":0,"62":1,"63":1,"64":0,"65":1,"66":0,"67":0,"68":1,"69":1},"f":{"0":2,"1":1,"2":0,"3":0,"4":0,"5":0,"6":0,"7":0,"8":0,"9":0,"10":0,"11":0,"12":0,"13":0,"14":0,"15":0,"16":0,"17":0,"18":0,"19":0,"20":1,"21":0},"b":{"0":[0,2],"1":[2,2],"2":[0,0],"3":[0,0],"4":[0,0],"5":[0,0],"6":[0,0],"7":[0,0],"8":[0,0],"9":[0,1],"10":[0,1]},"_coverageSchema":"332fd63041d2c1bcb487cc26dd0d5f7d97098a6c","hash":"fc12c4c623d329c3895d279d4763a3dc91171fa8","contentHash":"d036c786160ccf227cd4028694e339f8_10.2.0"},"/Users/jhunken/code/sliced.tv/server/api/search/index.js":{"path":"/Users/jhunken/code/sliced.tv/server/api/search/index.js","statementMap":{"0":{"start":{"line":3,"column":14},"end":{"line":3,"column":32}},"1":{"start":{"line":4,"column":17},"end":{"line":4,"column":47}},"2":{"start":{"line":6,"column":13},"end":{"line":6,"column":29}},"3":{"start":{"line":8,"column":0},"end":{"line":8,"column":44}},"4":{"start":{"line":9,"column":0},"end":{"line":9,"column":54}},"5":{"start":{"line":10,"column":0},"end":{"line":10,"column":52}},"6":{"start":{"line":12,"column":0},"end":{"line":12,"column":24}}},"fnMap":{},"branchMap":{},"s":{"0":2,"1":2,"2":2,"3":2,"4":2,"5":2,"6":2},"f":{},"b":{},"_coverageSchema":"332fd63041d2c1bcb487cc26dd0d5f7d97098a6c","hash":"b0b4e4671fc03a115425a56a3d970167208d3711","contentHash":"9a95c9e97aac6a790ad9a03dc28ea39d_10.2.0"},"/Users/jhunken/code/sliced.tv/server/api/search/search.controller.js":{"path":"/Users/jhunken/code/sliced.tv/server/api/search/search.controller.js","statementMap":{"0":{"start":{"line":3,"column":0},"end":{"line":5,"column":3}},"1":{"start":{"line":6,"column":0},"end":{"line":6,"column":30}},"2":{"start":{"line":7,"column":0},"end":{"line":7,"column":36}},"3":{"start":{"line":8,"column":0},"end":{"line":8,"column":34}},"4":{"start":{"line":10,"column":13},"end":{"line":10,"column":44}},"5":{"start":{"line":12,"column":14},"end":{"line":12,"column":44}},"6":{"start":{"line":14,"column":39},"end":{"line":14,"column":93}},"7":{"start":{"line":16,"column":13},"end":{"line":16,"column":53}},"8":{"start":{"line":19,"column":13},"end":{"line":19,"column":17}},"9":{"start":{"line":20,"column":2},"end":{"line":20,"column":7}},"10":{"start":{"line":21,"column":14},"end":{"line":21,"column":30}},"11":{"start":{"line":22,"column":2},"end":{"line":28,"column":5}},"12":{"start":{"line":23,"column":4},"end":{"line":23,"column":72}},"13":{"start":{"line":25,"column":4},"end":{"line":25,"column":27}},"14":{"start":{"line":26,"column":4},"end":{"line":26,"column":28}},"15":{"start":{"line":27,"column":4},"end":{"line":27,"column":16}},"16":{"start":{"line":34,"column":2},"end":{"line":34,"column":49}},"17":{"start":{"line":38,"column":2},"end":{"line":38,"column":35}},"18":{"start":{"line":42,"column":2},"end":{"line":42,"column":34}}},"fnMap":{"0":{"name":"_interopRequireDefault","decl":{"start":{"line":14,"column":9},"end":{"line":14,"column":31}},"loc":{"start":{"line":14,"column":37},"end":{"line":14,"column":95}},"line":14},"1":{"name":"search","decl":{"start":{"line":18,"column":9},"end":{"line":18,"column":15}},"loc":{"start":{"line":18,"column":32},"end":{"line":29,"column":1}},"line":18},"2":{"name":"(anonymous_2)","decl":{"start":{"line":22,"column":83},"end":{"line":22,"column":84}},"loc":{"start":{"line":22,"column":102},"end":{"line":24,"column":3}},"line":22},"3":{"name":"(anonymous_3)","decl":{"start":{"line":24,"column":11},"end":{"line":24,"column":12}},"loc":{"start":{"line":24,"column":24},"end":{"line":28,"column":3}},"line":24},"4":{"name":"searchAll","decl":{"start":{"line":31,"column":9},"end":{"line":31,"column":18}},"loc":{"start":{"line":31,"column":29},"end":{"line":35,"column":1}},"line":31},"5":{"name":"searchMovies","decl":{"start":{"line":37,"column":9},"end":{"line":37,"column":21}},"loc":{"start":{"line":37,"column":32},"end":{"line":39,"column":1}},"line":37},"6":{"name":"searchShows","decl":{"start":{"line":41,"column":9},"end":{"line":41,"column":20}},"loc":{"start":{"line":41,"column":31},"end":{"line":43,"column":1}},"line":41}},"branchMap":{"0":{"loc":{"start":{"line":14,"column":46},"end":{"line":14,"column":92}},"type":"cond-expr","locations":[{"start":{"line":14,"column":70},"end":{"line":14,"column":73}},{"start":{"line":14,"column":76},"end":{"line":14,"column":92}}],"line":14},"1":{"loc":{"start":{"line":14,"column":46},"end":{"line":14,"column":67}},"type":"binary-expr","locations":[{"start":{"line":14,"column":46},"end":{"line":14,"column":49}},{"start":{"line":14,"column":53},"end":{"line":14,"column":67}}],"line":14}},"s":{"0":2,"1":2,"2":2,"3":2,"4":2,"5":2,"6":2,"7":2,"8":0,"9":0,"10":0,"11":0,"12":0,"13":0,"14":0,"15":0,"16":0,"17":0,"18":0},"f":{"0":2,"1":0,"2":0,"3":0,"4":0,"5":0,"6":0},"b":{"0":[2,0],"1":[2,2]},"_coverageSchema":"332fd63041d2c1bcb487cc26dd0d5f7d97098a6c","hash":"7914c3370b41ce29aa2053253f643df764b7ed2c","contentHash":"d85521b5c0b5069e113a94d69566a821_10.2.0"},"/Users/jhunken/code/sliced.tv/server/api/show/index.js":{"path":"/Users/jhunken/code/sliced.tv/server/api/show/index.js","statementMap":{"0":{"start":{"line":3,"column":14},"end":{"line":3,"column":32}},"1":{"start":{"line":4,"column":17},"end":{"line":4,"column":45}},"2":{"start":{"line":6,"column":13},"end":{"line":6,"column":29}},"3":{"start":{"line":8,"column":0},"end":{"line":8,"column":34}},"4":{"start":{"line":9,"column":0},"end":{"line":9,"column":71}},"5":{"start":{"line":10,"column":0},"end":{"line":10,"column":36}},"6":{"start":{"line":12,"column":0},"end":{"line":12,"column":24}}},"fnMap":{},"branchMap":{},"s":{"0":2,"1":2,"2":2,"3":2,"4":2,"5":2,"6":2},"f":{},"b":{},"_coverageSchema":"332fd63041d2c1bcb487cc26dd0d5f7d97098a6c","hash":"67695018740aaee51c2ea2f8f0bce4a7ce020099","contentHash":"29aebdd83bae6b984b33611ece8fde40_10.2.0"},"/Users/jhunken/code/sliced.tv/server/api/show/show.controller.js":{"path":"/Users/jhunken/code/sliced.tv/server/api/show/show.controller.js","statementMap":{"0":{"start":{"line":9,"column":0},"end":{"line":11,"column":3}},"1":{"start":{"line":12,"column":0},"end":{"line":12,"column":22}},"2":{"start":{"line":13,"column":0},"end":{"line":13,"column":20}},"3":{"start":{"line":15,"column":12},"end":{"line":15,"column":35}},"4":{"start":{"line":17,"column":13},"end":{"line":17,"column":42}},"5":{"start":{"line":19,"column":13},"end":{"line":19,"column":46}},"6":{"start":{"line":21,"column":14},"end":{"line":21,"column":44}},"7":{"start":{"line":23,"column":13},"end":{"line":23,"column":35}},"8":{"start":{"line":25,"column":14},"end":{"line":25,"column":44}},"9":{"start":{"line":27,"column":39},"en
[...]
mn":9},"end":{"line":16,"column":26}},"loc":{"start":{"line":16,"column":56},"end":{"line":42,"column":1}},"line":16},"2":{"name":"(anonymous_2)","decl":{"start":{"line":19,"column":17},"end":{"line":19,"column":18}},"loc":{"start":{"line":19,"column":33},"end":{"line":38,"column":3}},"line":19},"3":{"name":"(anonymous_3)","decl":{"start":{"line":26,"column":32},"end":{"line":26,"column":33}},"loc":{"start":{"line":26,"column":68},"end":{"line":37,"column":5}},"line":26},"4":{"name":"(anonymous_4)","decl":{"start":{"line":38,"column":11},"end":{"line":38,"column":12}},"loc":{"start":{"line":38,"column":26},"end":{"line":41,"column":3}},"line":38},"5":{"name":"setup","decl":{"start":{"line":44,"column":9},"end":{"line":44,"column":14}},"loc":{"start":{"line":44,"column":34},"end":{"line":51,"column":1}},"line":44},"6":{"name":"(anonymous_6)","decl":{"start":{"line":48,"column":5},"end":{"line":48,"column":6}},"loc":{"start":{"line":48,"column":38},"end":{"line":50,"column":3}},"line":48}},"branchMap":{"0":{"loc":{"start":{"line":14,"column":46},"end":{"line":14,"column":92}},"type":"cond-expr","locations":[{"start":{"line":14,"column":70},"end":{"line":14,"column":73}},{"start":{"line":14,"column":76},"end":{"line":14,"column":92}}],"line":14},"1":{"loc":{"start":{"line":14,"column":46},"end":{"line":14,"column":67}},"type":"binary-expr","locations":[{"start":{"line":14,"column":46},"end":{"line":14,"column":49}},{"start":{"line":14,"column":53},"end":{"line":14,"column":67}}],"line":14},"2":{"loc":{"start":{"line":20,"column":4},"end":{"line":25,"column":5}},"type":"if","locations":[{"start":{"line":20,"column":4},"end":{"line":25,"column":5}},{"start":{"line":20,"column":4},"end":{"line":25,"column":5}}],"line":20},"3":{"loc":{"start":{"line":27,"column":6},"end":{"line":29,"column":7}},"type":"if","locations":[{"start":{"line":27,"column":6},"end":{"line":29,"column":7}},{"start":{"line":27,"column":6},"end":{"line":29,"column":7}}],"line":27},"4":{"loc":{"start":{"line":30,"column":6},"end":{"line":36,"column":7}},"type":"if","locations":[{"start":{"line":30,"column":6},"end":{"line":36,"column":7}},{"start":{"line":30,"column":6},"end":{"line":36,"column":7}}],"line":30}},"s":{"0":1,"1":1,"2":1,"3":1,"4":1,"5":1,"6":0,"7":0,"8":0,"9":0,"10":0,"11":0,"12":0,"13":0,"14":0,"15":0,"16":0,"17":0,"18":0,"19":0,"20":1,"21":0},"f":{"0":1,"1":0,"2":0,"3":0,"4":0,"5":1,"6":0},"b":{"0":[0,1],"1":[1,1],"2":[0,0],"3":[0,0],"4":[0,0]},"_coverageSchema":"332fd63041d2c1bcb487cc26dd0d5f7d97098a6c","hash":"c57d048e7b2f5448f7c6dd3f783ea260d8fecc17","contentHash":"d8f777ead0ce5238c84ae88dc5d51bfa_10.2.0"},"/Users/jhunken/code/sliced.tv/server/auth/google/passport.js":{"path":"/Users/jhunken/code/sliced.tv/server/auth/google/passport.js","statementMap":{"0":{"start":{"line":3,"column":0},"end":{"line":5,"column":3}},"1":{"start":{"line":6,"column":0},"end":{"line":6,"column":22}},"2":{"start":{"line":8,"column":16},"end":{"line":8,"column":35}},"3":{"start":{"line":10,"column":17},"end":{"line":10,"column":50}},"4":{"start":{"line":12,"column":27},"end":{"line":12,"column":61}},"5":{"start":{"line":14,"column":39},"end":{"line":14,"column":93}},"6":{"start":{"line":16,"column":13},"end":{"line":16,"column":53}},"7":{"start":{"line":19,"column":2},"end":{"line":51,"column":6}},"8":{"start":{"line":24,"column":4},"end":{"line":50,"column":7}},"9":{"start":{"line":25,"column":6},"end":{"line":29,"column":7}},"10":{"start":{"line":26,"column":8},"end":{"line":26,"column":50}},"11":{"start":{"line":27,"column":8},"end":{"line":27,"column":25}},"12":{"start":{"line":28,"column":8},"end":{"line":28,"column":20}},"13":{"start":{"line":31,"column":6},"end":{"line":38,"column":9}},"14":{"start":{"line":39,"column":6},"end":{"line":47,"column":9}},"15":{"start":{"line":40,"column":8},"end":{"line":40,"column":56}},"16":{"start":{"line":41,"column":8},"end":{"line":41,"column":30}},"17":{"start":{"line":42,"column":8},"end":{"line":42,"column":20}},"18":{"start":{"line":44,"column":8},"end":{"line":44,"column":33}},"19":{"start":{"line":45,"column":8},"end":{"line":45,"column":18}},"20":{"start":{"line":46,"column":8},"end":{"line":46,"column":19}},"21":{"start":{"line":49,"column":6},"end":{"line":49,"column":23}}},"fnMap":{"0":{"name":"_interopRequireDefault","decl":{"start":{"line":14,"column":9},"end":{"line":14,"column":31}},"loc":{"start":{"line":14,"column":37},"end":{"line":14,"column":95}},"line":14},"1":{"name":"setup","decl":{"start":{"line":18,"column":9},"end":{"line":18,"column":14}},"loc":{"start":{"line":18,"column":29},"end":{"line":52,"column":1}},"line":18},"2":{"name":"(anonymous_2)","decl":{"start":{"line":23,"column":5},"end":{"line":23,"column":6}},"loc":{"start":{"line":23,"column":57},"end":{"line":51,"column":3}},"line":23},"3":{"name":"(anonymous_3)","decl":{"start":{"line":24,"column":65},"end":{"line":24,"column":66}},"loc":{"start":{"line":24,"column":81},"end":{"line":48,"column":5}},"line":24},"4":{"name":"(anonymous_4)","decl":{"start":{"line":39,"column":30},"end":{"line":39,"column":31}},"loc":{"start":{"line":39,"column":51},"end":{"line":43,"column":7}},"line":39},"5":{"name":"(anonymous_5)","decl":{"start":{"line":43,"column":15},"end":{"line":43,"column":16}},"loc":{"start":{"line":43,"column":30},"end":{"line":47,"column":7}},"line":43},"6":{"name":"(anonymous_6)","decl":{"start":{"line":48,"column":13},"end":{"line":48,"column":14}},"loc":{"start":{"line":48,"column":28},"end":{"line":50,"column":5}},"line":48}},"branchMap":{"0":{"loc":{"start":{"line":14,"column":46},"end":{"line":14,"column":92}},"type":"cond-expr","locations":[{"start":{"line":14,"column":70},"end":{"line":14,"column":73}},{"start":{"line":14,"column":76},"end":{"line":14,"column":92}}],"line":14},"1":{"loc":{"start":{"line":14,"column":46},"end":{"line":14,"column":67}},"type":"binary-expr","locations":[{"start":{"line":14,"column":46},"end":{"line":14,"column":49}},{"start":{"line":14,"column":53},"end":{"line":14,"column":67}}],"line":14},"2":{"loc":{"start":{"line":25,"column":6},"end":{"line":29,"column":7}},"type":"if","locations":[{"start":{"line":25,"column":6},"end":{"line":29,"column":7}},{"start":{"line":25,"column":6},"end":{"line":29,"column":7}}],"line":25}},"s":{"0":1,"1":1,"2":1,"3":1,"4":1,"5":1,"6":1,"7":1,"8":0,"9":0,"10":0,"11":0,"12":0,"13":0,"14":0,"15":0,"16":0,"17":0,"18":0,"19":0,"20":0,"21":0},"f":{"0":1,"1":1,"2":0,"3":0,"4":0,"5":0,"6":0},"b":{"0":[0,1],"1":[1,1],"2":[0,0]},"_coverageSchema":"332fd63041d2c1bcb487cc26dd0d5f7d97098a6c","hash":"5d538b0fca7559d409b4467a0de8f944b99054e9","contentHash":"4d948360bf80b324e0892cd7f45a9f7a_10.2.0"},"/Users/jhunken/code/sliced.tv/server/auth/local/index.js":{"path":"/Users/jhunken/code/sliced.tv/server/auth/local/index.js","statementMap":{"0":{"start":{"line":3,"column":0},"end":{"line":5,"column":3}},"1":{"start":{"line":7,"column":15},"end":{"line":7,"column":33}},"2":{"start":{"line":9,"column":16},"end":{"line":9,"column":48}},"3":{"start":{"line":11,"column":16},"end":{"line":11,"column":35}},"4":{"start":{"line":13,"column":17},"end":{"line":13,"column":50}},"5":{"start":{"line":15,"column":12},"end":{"line":15,"column":38}},"6":{"start":{"line":17,"column":39},"end":{"line":17,"column":93}},"7":{"start":{"line":19,"column":13},"end":{"line":19,"column":39}},"8":{"start":{"line":21,"column":0},"end":{"line":34,"column":3}},"9":{"start":{"line":22,"column":2},"end":{"line":33,"column":21}},"10":{"start":{"line":23,"column":16},"end":{"line":23,"column":27}},"11":{"start":{"line":24,"column":4},"end":{"line":26,"column":5}},"12":{"start":{"line":25,"column":6},"end":{"line":25,"column":41}},"13":{"start":{"line":27,"column":4},"end":{"line":29,"column":5}},"14":{"start":{"line":28,"column":6},"end":{"line":28,"column":90}},"15":{"start":{"line":31,"column":16},"end":{"line":31,"column":57}},"16":{"start":{"line":32,"column":4},"end":{"line":32,"column":31}},"17":{"start":{"line":36,"column":0},"end":{"line":36,"column":25}}},"fnMap":{"0":{"name":"_interopRequireDefault","decl":{"start":{"line":17,"column":9},"end":{"line":17,"column":31}},"loc":{"start":{"line":17,"column":37},"end":{"line":17,"column":95}},"line":17},"1":{"name":"(anonymous_1)","decl":{"start":{"line":21,"column":17},"end":{"line":21,"column":18}},"loc":{"start":{"line":21,"column":43},"end":{"line":34,"column":1}},"line":21},"2":{"name":"(anonymous_2)","decl":{"start":{"line":22,"column":43},"end":{"line":22,"column":44}},"loc":{"start":{"line":22,"column":70},"end":{"line":33,"column":3}},"line":22}},"branchMap":{"0":{"loc":{"start":{"line":17,"column":46},"end":{"line":17,"column":92}},"type":"cond-expr","locations":[{"start":{"line":17,"column":70},"end":{"line":17,"column":73}},{"start":{"line":17,"column":76},"end":{"line":17,"column":92}}],"line":17},"1":{"loc":{"start":{"line":17,"column":46},"end":{"line":17,"column":67}},"type":"binary-expr","locations":[{"start":{"line":17,"column":46},"end":{"line":17,"column":49}},{"start":{"line":17,"column":53},"end":{"line":17,"column":67}}],"line":17},"2":{"loc":{"start":{"line":23,"column":16},"end":{"line":23,"column":27}},"type":"binary-expr","locations":[{"start":{"line":23,"column":16},"end":{"line":23,"column":19}},{"start":{"line":23,"column":23},"end":{"line":23,"column":27}}],"line":23},"3":{"loc":{"start":{"line":24,"column":4},"end":{"line":26,"column":5}},"type":"if","locations":[{"start":{"line":24,"column":4},"end":{"line":26,"column":5}},{"start":{"line":24,"column":4},"end":{"line":26,"column":5}}],"line":24},"4":{"loc":{"start":{"line":27,"column":4},"end":{"line":29,"column":5}},"type":"if","locations":[{"start":{"line":27,"column":4},"end":{"line":29,"column":5}},{"start":{"line":27,"column":4},"end":{"line":29,"column":5}}],"line":27}},"s":{"0":1,"1":1,"2":1,"3":1,"4":1,"5":1,"6":2,"7":1,"8":1,"9":0,"10":0,"11":0,"12":0,"13":0,"14":0,"15":0,"16":0,"17":1},"f":{"0":2,"1":0,"2":0},"b":{"0":[0,2],"1":[2,2],"2":[0,0],"3":[0,0],"4":[0,0]},"_coverageSchema":"332fd63041d2c1bcb487cc26dd0d5f7d97098a6c","hash":"a0e36452d70c193a2d585dd035e7c850afc54563","contentHash":"09870201bab1efa29ed11f3657f43b8c_10.2.0"},"/Users/jhunken/code/sliced.tv/server/auth/google/index.js":{"path":"/Users/jhunken/code/sliced.tv/server/auth/google/index.js","statementMap":{"0":{"start":{"line":3,"column":0},"end":{"line":5,"column":3}},"1":{"start":{"line":7,"column":15},"end":{"line":7,"column":33}},"2":{"start":{"line":9,"column":16},"end":{"line":9,"column":48}},"3":{"start":{"line":11,"column":16},"end":{"line":11,"column":35}},"4":{"start":{"line":13,"column":17},"end":{"line":13,"column":50}},"5":{"start":{"line":15,"column":12},"end":{"line":15,"column":38}},"6":{"start":{"line":17,"column":39},"end":{"line":17,"column":93}},"7":{"start":{"line":19,"column":13},"end":{"line":19,"column":39}},"8":{"start":{"line":21,"column":0},"end":{"line":28,"column":26}},"9":{"start":{"line":30,"column":0},"end":{"line":30,"column":25}}},"fnMap":{"0":{"name":"_interopRequireDefault","decl":{"start":{"line":17,"column":9},"end":{"line":17,"column":31}},"loc":{"start":{"line":17,"column":37},"end":{"line":17,"column":95}},"line":17}},"branchMap":{"0":{"loc":{"start":{"line":17,"column":46},"end":{"line":17,"column":92}},"type":"cond-expr","locations":[{"start":{"line":17,"column":70},"end":{"line":17,"column":73}},{"start":{"line":17,"column":76},"end":{"line":17,"column":92}}],"line":17},"1":{"loc":{"start":{"line":17,"column":46},"end":{"line":17,"column":67}},"type":"binary-expr","locations":[{"start":{"line":17,"column":46},"end":{"line":17,"column":49}},{"start":{"line":17,"column":53},"end":{"line":17,"column":67}}],"line":17}},"s":{"0":1,"1":1,"2":1,"3":1,"4":1,"5":1,"6":2,"7":1,"8":1,"9":1},"f":{"0":2},"b":{"0":[0,2],"1":[2,2]},"_coverageSchema":"332fd63041d2c1bcb487cc26dd0d5f7d97098a6c","hash":"1db70c47ffe9065ef1758819196d09eb922af0bb","contentHash":"3dae8f0753b4040c508640644abe8b30_10.2.0"},"/Users/jhunken/code/sliced.tv/mocha.global.js":{"path":"/Users/jhunken/code/sliced.tv/mocha.global.js","statementMap":{"0":{"start":{"line":3,"column":8},"end":{"line":3,"column":21}},"1":{"start":{"line":5,"column":9},"end":{"line":5,"column":34}},"2":{"start":{"line":7,"column":16},"end":{"line":7,"column":35}},"3":{"start":{"line":9,"column":17},"end":{"line":9,"column":50}},"4":{"start":{"line":11,"column":39},"end":{"line":11,"column":93}},"5":{"start":{"line":13,"column":0},"end":{"line":15,"column":1}},"6":{"start":{"line":14,"column":2},"end":{"line":14,"column":27}},"7":{"start":{"line":17,"column":0},"end":{"line":23,"column":3}},"8":{"start":{"line":18,"column":2},"end":{"line":20,"column":5}},"9":{"start":{"line":19,"column":4},"end":{"line":19,"column":18}},"10":{"start":{"line":21,"column":2},"end":{"line":21,"column":40}},"11":{"start":{"line":22,"column":2},"end":{"line":22,"column":38}}},"fnMap":{"0":{"name":"_interopRequireDefault","decl":{"start":{"line":11,"column":9},"end":{"line":11,"column":31}},"loc":{"start":{"line":11,"column":37},"end":{"line":11,"column":95}},"line":11},"1":{"name":"(anonymous_1)","decl":{"start":{"line":17,"column":6},"end":{"line":17,"column":7}},"loc":{"start":{"line":17,"column":22},"end":{"line":23,"column":1}},"line":17},"2":{"name":"(anonymous_2)","decl":{"start":{"line":18,"column":42},"end":{"line":18,"column":43}},"loc":{"start":{"line":18,"column":54},"end":{"line":20,"column":3}},"line":18}},"branchMap":{"0":{"loc":{"start":{"line":11,"column":46},"end":{"line":11,"column":92}},"type":"cond-expr","locations":[{"start":{"line":11,"column":70},"end":{"line":11,"column":73}},{"start":{"line":11,"column":76},"end":{"line":11,"column":92}}],"line":11},"1":{"loc":{"start":{"line":11,"column":46},"end":{"line":11,"column":67}},"type":"binary-expr","locations":[{"start":{"line":11,"column":46},"end":{"line":11,"column":49}},{"start":{"line":11,"column":53},"end":{"line":11,"column":67}}],"line":11},"2":{"loc":{"start":{"line":13,"column":0},"end":{"line":15,"column":1}},"type":"if","locations":[{"start":{"line":13,"column":0},"end":{"line":15,"column":1}},{"start":{"line":13,"column":0},"end":{"line":15,"column":1}}],"line":13}},"s":{"0":1,"1":1,"2":1,"3":1,"4":2,"5":1,"6":1,"7":1,"8":1,"9":1,"10":1,"11":1},"f":{"0":2,"1":1,"2":1},"b":{"0":[0,2],"1":[2,2],"2":[1,0]},"_coverageSchema":"332fd63041d2c1bcb487cc26dd0d5f7d97098a6c","hash":"310e1f6a212c219cd76127580bd3422313506dea","contentHash":"78046eaf40cb5c6374a83b331c5a3f43_10.2.0"},"/Users/jhunken/code/sliced.tv/nock.global.js":{"path":"/Users/jhunken/code/sliced.tv/nock.global.js","statementMap":{"0":{"start":{"line":3,"column":12},"end":{"line":3,"column":27}},"1":{"start":{"line":5,"column":13},"end":{"line":5,"column":42}},"2":{"start":{"line":7,"column":10},"end":{"line":7,"column":23}},"3":{"start":{"line":9,"column":11},"end":{"line":9,"column":38}},"4":{"start":{"line":11,"column":39},"end":{"line":11,"column":93}},"5":{"start":{"line":14,"column":0},"end":{"line":24,"column":3}},"6":{"start":{"line":26,"column":0},"end":{"line":36,"column":3}},"7":{"start":{"line":38,"column":0},"end":{"line":252,"column":3}},"8":{"start":{"line":254,"column":0},"end":{"line":468,"column":3}},"9":{"start":{"line":470,"column":0},"end":{"line":480,"column":3}},"10":{"start":{"line":482,"column":0},"end":{"line":492,"column":3}},"11":{"start":{"line":494,"column":0},"end":{"line":576,"column":294}},"12":{"start":{"line":578,"column":0},"end":{"line":614,"column":627}},"13":{"start":{"line":616,"column":0},"end":{"line":652,"column":627}},"14":{"start":{"line":653,"column":0},"end":{"line":689,"column":627}},"15":{"start":{"line":690,"column":0},"end":{"line":726,"column":627}},"16":{"start":{"line":727,"column":0},"end":{"line":763,"column":627}},"17":{"start":{"line":765,"column":0},"end":{"line":801,"column":627}},"18":{"start":{"line":803,"column":0},"end":{"line":839,"column":627}},"19":{"start":{"line":840,"column":0},"end":{"line":876,"column":627}},"20":{"start":{"line":877,"column":0},"end":{"line":913,"column":627}},"21":{"start":{"line":914,"column":0},"end":{"line":950,"column":627}},"22":{"start":{"line":951,"column":0},"end":{"line":987,"column":627}},"23":{"start":{"line":988,"column":0},"end":{"line":1024,"column":627}},"24":{"start":{"line":1026,"column":0},"end":{"line":1062,"column":627}},"25":{"start":{"line":1063,"column":0},"end":{"line":1099,"column":627}},"26":{"start":{"line":1100,"column":0},"end":{"line":1136,"column":627}},"27":{"start":{"line":1137,"column":0},"end":{"line":1173,"column":627}},"28":{"start":{"line":1174,"column":0},"end":{"line":1210,"column":627}},"29":{"start":{"line":1211,"column":0},"end":{"line":1247,"column":627}},"30":{"start":{"line":1249,"column":0},"end":{"line":1285,"column":631}},"31":{"start":{"line":1286,"column":0},"end":{"line":1322,"column":631}},"32":{"start":{"line":1323,"column":0},"end":{"line":1359,"column":627}},"33":{"start":{"line":1360,"column":0},"end":{"line":1396,"column":627}},"34":{"start":{"line":1397,"column":0},"end":{"line":1433,"column":627}},"35":{"start":{"line":1434,"column":0},"end":{"line":1470,"column":631}},"36":{"start":{"line":1471,"column":0},"end":{"line":1507,"column":631}},"37":{"start":{"line":1508,"column":0},"end":{"line":1544,"column":631}},"38":{"start":{"line":1546,"column":0},"end":{"line":1582,"column":631}},"39":{"start":{"line":1583,"column":0},"end":{"line":1619,"column":631}},"40":{"start":{"line":1621,"column":0},"end":{"line":1657,"column":631}},"41":{"start":{"line":1658,"column":0},"end":{"line":1694,"column":631}},"42":{"start":{"line":1695,"column":0},"end":{"line":1731,"column":631}},"43":{"start":{"line":1732,"column":0},"end":{"line":1768,"column":631}},"44":{"start":{"line":1769,"column":0},"end":{"line":1805,"column":631}},"45":{"start":{"line":1806,"column":0},"end":{"line":1842,"column":631}},"46":{"start":{"line":1843,"column":0},"end":{"line":1879,"column":631}},"47":{"start":{"line":1880,"column":0},"end":{"line":1916,"column":631}},"48":{"start":{"line":1917,"column":0},"end":{"line":1953,"column":631}},"49":{"start":{"line":1954,"column":0},"end":{"line":1990,"column":631}},"50":{"start":{"line":1991,"column":0},"end":{"line":2027,"column":631}},"51":{"start":{"line":2028,"column":0},"end":{"line":2064,"column":631}},"52":{"start":{"line":2065,"column":0},"end":{"line":2101,"column":631}},"53":{"start":{"line":2102,"column":0},"end":{"line":2138,"column":631}},"54":{"start":{"line":2139,"column":0},"end":{"line":2175,"column":631}},"55":{"start":{"line":2176,"column":0},"end":{"line":2212,"column":631}},"56":{"start":{"line":2213,"column":0},"end":{"line":2249,"column":631}}},"fnMap":{"0":{"name":"_interopRequireDefault","decl":{"start":{"line":11,"column":9},"end":{"line":11,"column":31}},"loc":{"start":{"line":11,"column":37},"end":{"line":11,"column":95}},"line":11}},"branchMap":{"0":{"loc":{"start":{"line":11,"column":46},"end":{"line":11,"column":92}},"type":"cond-expr","locations":[{"start":{"line":11,"column":70},"end":{"line":11,"column":73}},{"start":{"line":11,"column":76},"end":{"line":11,"column":92}}],"line":11},"1":{"loc":{"start":{"line":11,"column":46},"end":{"line":11,"column":67}},"type":"binary-expr","locations":[{"start":{"line":11,"column":46},"end":{"line":11,"column":49}},{"start":{"line":11,"column":53},"end":{"line":11,"column":67}}],"line":11}},"s":{"0":1,"1":1,"2":1,"3":1,"4":2,"5":1,"6":1,"7":1,"8":1,"9":1,"10":1,"11":1,"12":1,"13":1,"14":1,"15":1,"16":1,"17":1,"18":1,"19":1,"20":1,"21":1,"22":1,"23":1,"24":1,"25":1,"26":1,"27":1,"28":1,"29":1,"30":1,"31":1,"32":1,"33":1,"34":1,"35":1,"36":1,"37":1,"38":1,"39":1,"40":1,"41":1,"42":1,"43":1,"44":1,"45":1,"46":1,"47":1,"48":1,"49":1,"50":1,"51":1,"52":1,"53":1,"54":1,"55":1,"56":1},"f":{"0":2},"b":{"0":[0,2],"1":[2,2]},"_coverageSchema":"332fd63041d2c1bcb487cc26dd0d5f7d97098a6c","hash":"7e664add280d4c1b57d7cf3b99e6dda554266b00","contentHash":"49fdc234c1d2283ddb27b7f081926b87_10.2.0"}}